[0.033s] Invoking command in '/home/snow/Desktop/enemy_estimator_ws/build/enemy_estimator_task': CMAKE_PREFIX_PATH=${CMAKE_PREFIX_PATH}:/opt/ros/humble /usr/bin/cmake /home/snow/Desktop/enemy_estimator_ws/src/enemy_estimator_task -DCMAKE_INSTALL_PREFIX=/home/snow/Desktop/enemy_estimator_ws/install/enemy_estimator_task
[0.041s] -- Found ament_cmake_auto: 1.3.6 (/opt/ros/humble/share/ament_cmake_auto/cmake)
[0.137s] -- Found task_interfaces: 0.0.0 (/home/snow/Desktop/enemy_estimator_ws/install/task_interfaces/share/task_interfaces/cmake)
[0.153s] -- Found rosidl_generator_c: 3.1.5 (/opt/ros/humble/share/rosidl_generator_c/cmake)
[0.154s] -- Found rosidl_adapter: 3.1.5 (/opt/ros/humble/share/rosidl_adapter/cmake)
[0.158s] -- Found rosidl_generator_cpp: 3.1.5 (/opt/ros/humble/share/rosidl_generator_cpp/cmake)
[0.165s] -- Using all available rosidl_typesupport_c: rosidl_typesupport_fastrtps_c;rosidl_typesupport_introspection_c
[0.175s] -- Using all available rosidl_typesupport_cpp: rosidl_typesupport_fastrtps_cpp;rosidl_typesupport_introspection_cpp
[0.317s] -- Found rmw_implementation_cmake: 6.1.1 (/opt/ros/humble/share/rmw_implementation_cmake/cmake)
[0.318s] -- Found rmw_fastrtps_cpp: 6.2.5 (/opt/ros/humble/share/rmw_fastrtps_cpp/cmake)
[0.390s] -- Using RMW implementation 'rmw_fastrtps_cpp' as default
[0.487s] -- Found ament_lint_auto: 0.12.9 (/opt/ros/humble/share/ament_lint_auto/cmake)
[0.489s] [31mCMake Error at CMakeLists.txt:38 (add_executable):
[0.490s]   add_executable cannot create target "enemy_estimator_task" because another
[0.490s]   target with the same name already exists.  The existing target is a shared
[0.490s]   library created in source directory
[0.490s]   "/home/snow/Desktop/enemy_estimator_ws/src/enemy_estimator_task".  See
[0.490s]   documentation for policy CMP0002 for more details.
[0.490s] 
[0.490s] [0m
[0.521s] -- Added test 'cppcheck' to perform static code analysis on C / C++ code
[0.521s] -- Configured cppcheck include dirs: /home/snow/Desktop/enemy_estimator_ws/src/enemy_estimator_task/include
[0.521s] -- Configured cppcheck exclude dirs and/or files: 
[0.525s] -- Added test 'flake8' to check Python code syntax and style conventions
[0.532s] -- Added test 'lint_cmake' to check CMake code style
[0.535s] -- Added test 'pep257' to check Python code against some of the docstring style conventions in PEP 257
[0.564s] -- Added test 'uncrustify' to check C / C++ code style
[0.564s] -- Configured uncrustify additional arguments: 
[0.568s] -- Added test 'xmllint' to check XML markup files
[0.569s] -- Configuring incomplete, errors occurred!
[0.569s] See also "/home/snow/Desktop/enemy_estimator_ws/build/enemy_estimator_task/CMakeFiles/CMakeOutput.log".
[0.576s] Invoked command in '/home/snow/Desktop/enemy_estimator_ws/build/enemy_estimator_task' returned '1': CMAKE_PREFIX_PATH=${CMAKE_PREFIX_PATH}:/opt/ros/humble /usr/bin/cmake /home/snow/Desktop/enemy_estimator_ws/src/enemy_estimator_task -DCMAKE_INSTALL_PREFIX=/home/snow/Desktop/enemy_estimator_ws/install/enemy_estimator_task
