[0.024s] Invoking command in '/home/snow/Desktop/enemy_estimator_ws/build/task_interfaces': CMAKE_PREFIX_PATH=/opt/ros/humble /usr/bin/cmake /home/snow/Desktop/enemy_estimator_ws/src/task_interfaces -DCMAKE_INSTALL_PREFIX=/home/snow/Desktop/enemy_estimator_ws/install/task_interfaces
[0.063s] -- The C compiler identification is GNU 11.4.0
[0.105s] -- The CXX compiler identification is GNU 11.4.0
[0.110s] -- Detecting C compiler ABI info
[0.160s] -- Detecting C compiler ABI info - done
[0.166s] -- Check for working C compiler: /usr/bin/cc - skipped
[0.166s] -- Detecting C compile features
[0.166s] -- Detecting C compile features - done
[0.168s] -- Detecting CXX compiler ABI info
[0.223s] -- Detecting CXX compiler ABI info - done
[0.228s] -- Check for working CXX compiler: /usr/bin/c++ - skipped
[0.228s] -- Detecting CXX compile features
[0.228s] -- Detecting CXX compile features - done
[0.229s] -- Found ament_cmake: 1.3.6 (/opt/ros/humble/share/ament_cmake/cmake)
[0.354s] -- Found Python3: /usr/bin/python3.10 (found version "3.10.12") found components: Interpreter 
[0.412s] -- Found rosidl_default_generators: 1.2.0 (/opt/ros/humble/share/rosidl_default_generators/cmake)
[0.414s] -- Using all available rosidl_typesupport_c: rosidl_typesupport_fastrtps_c;rosidl_typesupport_introspection_c
[0.417s] -- Found rosidl_adapter: 3.1.5 (/opt/ros/humble/share/rosidl_adapter/cmake)
[0.440s] -- Using all available rosidl_typesupport_cpp: rosidl_typesupport_fastrtps_cpp;rosidl_typesupport_introspection_cpp
[0.461s] -- Found std_msgs: 4.2.3 (/opt/ros/humble/share/std_msgs/cmake)
[0.673s] -- Found ament_cmake_ros: 0.10.0 (/opt/ros/humble/share/ament_cmake_ros/cmake)
[0.843s] -- Using all available rosidl_typesupport_c: rosidl_typesupport_fastrtps_c;rosidl_typesupport_introspection_c
[1.043s] -- Using all available rosidl_typesupport_cpp: rosidl_typesupport_fastrtps_cpp;rosidl_typesupport_introspection_cpp
[1.058s] -- Found PythonInterp: /usr/bin/python3 (found suitable version "3.10.12", minimum required is "3.6") 
[1.059s] -- Found python_cmake_module: 0.10.0 (/opt/ros/humble/share/python_cmake_module/cmake)
[1.076s] -- Found PythonLibs: /usr/lib/x86_64-linux-gnu/libpython3.10.so (found suitable version "3.10.12", minimum required is "3.5") 
[1.076s] -- Using PYTHON_EXECUTABLE: /usr/bin/python3
[1.076s] -- Using PYTHON_INCLUDE_DIRS: /usr/include/python3.10
[1.076s] -- Using PYTHON_LIBRARIES: /usr/lib/x86_64-linux-gnu/libpython3.10.so
[1.092s] -- Found PythonExtra: .so  
[1.122s] -- Found ament_lint_auto: 0.12.9 (/opt/ros/humble/share/ament_lint_auto/cmake)
[1.130s] -- Added test 'lint_cmake' to check CMake code style
[1.131s] -- Added test 'xmllint' to check XML markup files
[1.132s] -- Configuring done
[1.151s] -- Generating done
[1.152s] -- Build files have been written to: /home/snow/Desktop/enemy_estimator_ws/build/task_interfaces
[1.156s] Invoked command in '/home/snow/Desktop/enemy_estimator_ws/build/task_interfaces' returned '0': CMAKE_PREFIX_PATH=/opt/ros/humble /usr/bin/cmake /home/snow/Desktop/enemy_estimator_ws/src/task_interfaces -DCMAKE_INSTALL_PREFIX=/home/snow/Desktop/enemy_estimator_ws/install/task_interfaces
[1.158s] Invoking command in '/home/snow/Desktop/enemy_estimator_ws/build/task_interfaces': CMAKE_PREFIX_PATH=/opt/ros/humble /usr/bin/cmake --build /home/snow/Desktop/enemy_estimator_ws/build/task_interfaces -- -j20 -l20
[1.186s] [  2%] [34m[1mGenerating C code for ROS interfaces[0m
[1.192s] [  5%] [34m[1mGenerating C++ code for ROS interfaces[0m
[1.197s] [  5%] Built target ament_cmake_python_copy_task_interfaces
[1.327s] running egg_info
[1.328s] creating task_interfaces.egg-info
[1.328s] writing task_interfaces.egg-info/PKG-INFO
[1.328s] writing dependency_links to task_interfaces.egg-info/dependency_links.txt
[1.328s] writing top-level names to task_interfaces.egg-info/top_level.txt
[1.328s] writing manifest file 'task_interfaces.egg-info/SOURCES.txt'
[1.329s] reading manifest file 'task_interfaces.egg-info/SOURCES.txt'
[1.329s] writing manifest file 'task_interfaces.egg-info/SOURCES.txt'
[1.345s] [  5%] Built target ament_cmake_python_build_task_interfaces_egg
[1.402s] [  5%] Built target task_interfaces__cpp
[1.405s] [  7%] [32mBuilding C object CMakeFiles/task_interfaces__rosidl_generator_c.dir/rosidl_generator_c/task_interfaces/msg/detail/input_msg__functions.c.o[0m
[1.406s] [ 10%] [32mBuilding C object CMakeFiles/task_interfaces__rosidl_generator_c.dir/rosidl_generator_c/task_interfaces/msg/detail/output_msg__functions.c.o[0m
[1.407s] [ 12%] [34m[1mGenerating C++ type support dispatch for ROS interfaces[0m
[1.407s] [ 15%] [34m[1mGenerating C++ type support for eProsima Fast-RTPS[0m
[1.407s] [ 17%] [34m[1mGenerating C++ introspection for ROS interfaces[0m
[1.434s] [ 20%] [32m[1mLinking C shared library libtask_interfaces__rosidl_generator_c.so[0m
[1.459s] [ 20%] Built target task_interfaces__rosidl_generator_c
[1.465s] [ 25%] [34m[1mGenerating C type support for eProsima Fast-RTPS[0m
[1.465s] [ 25%] [34m[1mGenerating C introspection for ROS interfaces[0m
[1.465s] [ 28%] [34m[1mGenerating C type support dispatch for ROS interfaces[0m
[1.596s] [ 33%] [32mBuilding CXX object CMakeFiles/task_interfaces__rosidl_typesupport_cpp.dir/rosidl_typesupport_cpp/task_interfaces/msg/output_msg__type_support.cpp.o[0m
[1.596s] [ 33%] [32mBuilding CXX object CMakeFiles/task_interfaces__rosidl_typesupport_cpp.dir/rosidl_typesupport_cpp/task_interfaces/msg/input_msg__type_support.cpp.o[0m
[1.605s] [ 35%] [32mBuilding CXX object CMakeFiles/task_interfaces__rosidl_typesupport_introspection_cpp.dir/rosidl_typesupport_introspection_cpp/task_interfaces/msg/detail/output_msg__type_support.cpp.o[0m
[1.607s] [ 38%] [32mBuilding CXX object CMakeFiles/task_interfaces__rosidl_typesupport_introspection_cpp.dir/rosidl_typesupport_introspection_cpp/task_interfaces/msg/detail/input_msg__type_support.cpp.o[0m
[1.622s] [ 43%] [32mBuilding CXX object CMakeFiles/task_interfaces__rosidl_typesupport_fastrtps_cpp.dir/rosidl_typesupport_fastrtps_cpp/task_interfaces/msg/detail/dds_fastrtps/input_msg__type_support.cpp.o[0m
[1.622s] [ 43%] [32mBuilding CXX object CMakeFiles/task_interfaces__rosidl_typesupport_fastrtps_cpp.dir/rosidl_typesupport_fastrtps_cpp/task_interfaces/msg/detail/dds_fastrtps/output_msg__type_support.cpp.o[0m
[1.657s] [ 46%] [32mBuilding CXX object CMakeFiles/task_interfaces__rosidl_typesupport_c.dir/rosidl_typesupport_c/task_interfaces/msg/input_msg__type_support.cpp.o[0m
[1.657s] [ 48%] [32mBuilding CXX object CMakeFiles/task_interfaces__rosidl_typesupport_c.dir/rosidl_typesupport_c/task_interfaces/msg/output_msg__type_support.cpp.o[0m
[1.669s] [ 51%] [32mBuilding C object CMakeFiles/task_interfaces__rosidl_typesupport_introspection_c.dir/rosidl_typesupport_introspection_c/task_interfaces/msg/detail/input_msg__type_support.c.o[0m
[1.672s] [ 53%] [32mBuilding C object CMakeFiles/task_interfaces__rosidl_typesupport_introspection_c.dir/rosidl_typesupport_introspection_c/task_interfaces/msg/detail/output_msg__type_support.c.o[0m
[1.683s] [ 58%] [32mBuilding CXX object CMakeFiles/task_interfaces__rosidl_typesupport_fastrtps_c.dir/rosidl_typesupport_fastrtps_c/task_interfaces/msg/detail/input_msg__type_support_c.cpp.o[0m
[1.683s] [ 58%] [32mBuilding CXX object CMakeFiles/task_interfaces__rosidl_typesupport_fastrtps_c.dir/rosidl_typesupport_fastrtps_c/task_interfaces/msg/detail/output_msg__type_support_c.cpp.o[0m
[1.687s] [ 61%] [32m[1mLinking CXX shared library libtask_interfaces__rosidl_typesupport_c.so[0m
[1.695s] [ 64%] [32m[1mLinking C shared library libtask_interfaces__rosidl_typesupport_introspection_c.so[0m
[1.716s] [ 64%] Built target task_interfaces__rosidl_typesupport_c
[1.716s] [ 64%] Built target task_interfaces__rosidl_typesupport_introspection_c
[1.758s] [ 66%] [32m[1mLinking CXX shared library libtask_interfaces__rosidl_typesupport_cpp.so[0m
[1.785s] [ 66%] Built target task_interfaces__rosidl_typesupport_cpp
[1.899s] [ 69%] [32m[1mLinking CXX shared library libtask_interfaces__rosidl_typesupport_fastrtps_c.so[0m
[1.907s] [ 71%] [32m[1mLinking CXX shared library libtask_interfaces__rosidl_typesupport_fastrtps_cpp.so[0m
[1.913s] [ 74%] [32m[1mLinking CXX shared library libtask_interfaces__rosidl_typesupport_introspection_cpp.so[0m
[1.939s] [ 74%] Built target task_interfaces__rosidl_typesupport_introspection_cpp
[1.955s] [ 74%] Built target task_interfaces__rosidl_typesupport_fastrtps_c
[1.955s] [ 74%] Built target task_interfaces__rosidl_typesupport_fastrtps_cpp
[1.967s] [ 74%] Built target task_interfaces
[1.983s] [ 76%] [34m[1mGenerating Python code for ROS interfaces[0m
[2.291s] [ 76%] Built target task_interfaces__py
[2.303s] [ 79%] [32mBuilding C object CMakeFiles/task_interfaces__rosidl_generator_py.dir/rosidl_generator_py/task_interfaces/msg/_input_msg_s.c.o[0m
[2.303s] [ 82%] [32mBuilding C object CMakeFiles/task_interfaces__rosidl_generator_py.dir/rosidl_generator_py/task_interfaces/msg/_output_msg_s.c.o[0m
[2.365s] [ 84%] [32m[1mLinking C shared library rosidl_generator_py/task_interfaces/libtask_interfaces__rosidl_generator_py.so[0m
[2.390s] [ 84%] Built target task_interfaces__rosidl_generator_py
[2.402s] [ 87%] [32mBuilding C object CMakeFiles/task_interfaces__rosidl_typesupport_fastrtps_c__pyext.dir/rosidl_generator_py/task_interfaces/_task_interfaces_s.ep.rosidl_typesupport_fastrtps_c.c.o[0m
[2.402s] [ 89%] [32mBuilding C object CMakeFiles/task_interfaces__rosidl_typesupport_introspection_c__pyext.dir/rosidl_generator_py/task_interfaces/_task_interfaces_s.ep.rosidl_typesupport_introspection_c.c.o[0m
[2.403s] [ 92%] [32mBuilding C object CMakeFiles/task_interfaces__rosidl_typesupport_c__pyext.dir/rosidl_generator_py/task_interfaces/_task_interfaces_s.ep.rosidl_typesupport_c.c.o[0m
[2.462s] [100%] [32m[1mLinking C shared library rosidl_generator_py/task_interfaces/task_interfaces_s__rosidl_typesupport_introspection_c.cpython-310-x86_64-linux-gnu.so[0m
[2.462s] [100%] [32m[1mLinking C shared library rosidl_generator_py/task_interfaces/task_interfaces_s__rosidl_typesupport_c.cpython-310-x86_64-linux-gnu.so[0m
[2.462s] [100%] [32m[1mLinking C shared library rosidl_generator_py/task_interfaces/task_interfaces_s__rosidl_typesupport_fastrtps_c.cpython-310-x86_64-linux-gnu.so[0m
[2.485s] [100%] Built target task_interfaces__rosidl_typesupport_introspection_c__pyext
[2.485s] [100%] Built target task_interfaces__rosidl_typesupport_fastrtps_c__pyext
[2.485s] [100%] Built target task_interfaces__rosidl_typesupport_c__pyext
[2.493s] Invoked command in '/home/snow/Desktop/enemy_estimator_ws/build/task_interfaces' returned '0': CMAKE_PREFIX_PATH=/opt/ros/humble /usr/bin/cmake --build /home/snow/Desktop/enemy_estimator_ws/build/task_interfaces -- -j20 -l20
[2.567s] Invoking command in '/home/snow/Desktop/enemy_estimator_ws/build/task_interfaces': CMAKE_PREFIX_PATH=/opt/ros/humble /usr/bin/cmake --install /home/snow/Desktop/enemy_estimator_ws/build/task_interfaces
[2.576s] -- Install configuration: ""
[2.576s] -- Installing: /home/snow/Desktop/enemy_estimator_ws/install/task_interfaces/share/ament_index/resource_index/rosidl_interfaces/task_interfaces
[2.577s] -- Installing: /home/snow/Desktop/enemy_estimator_ws/install/task_interfaces/include/task_interfaces/task_interfaces
[2.577s] -- Installing: /home/snow/Desktop/enemy_estimator_ws/install/task_interfaces/include/task_interfaces/task_interfaces/msg
[2.577s] -- Installing: /home/snow/Desktop/enemy_estimator_ws/install/task_interfaces/include/task_interfaces/task_interfaces/msg/detail
[2.577s] -- Installing: /home/snow/Desktop/enemy_estimator_ws/install/task_interfaces/include/task_interfaces/task_interfaces/msg/detail/input_msg__struct.h
[2.577s] -- Installing: /home/snow/Desktop/enemy_estimator_ws/install/task_interfaces/include/task_interfaces/task_interfaces/msg/detail/input_msg__type_support.h
[2.578s] -- Installing: /home/snow/Desktop/enemy_estimator_ws/install/task_interfaces/include/task_interfaces/task_interfaces/msg/detail/input_msg__functions.c
[2.578s] -- Installing: /home/snow/Desktop/enemy_estimator_ws/install/task_interfaces/include/task_interfaces/task_interfaces/msg/detail/output_msg__struct.h
[2.578s] -- Installing: /home/snow/Desktop/enemy_estimator_ws/install/task_interfaces/include/task_interfaces/task_interfaces/msg/detail/input_msg__functions.h
[2.578s] -- Installing: /home/snow/Desktop/enemy_estimator_ws/install/task_interfaces/include/task_interfaces/task_interfaces/msg/detail/output_msg__functions.h
[2.578s] -- Installing: /home/snow/Desktop/enemy_estimator_ws/install/task_interfaces/include/task_interfaces/task_interfaces/msg/detail/output_msg__functions.c
[2.578s] -- Installing: /home/snow/Desktop/enemy_estimator_ws/install/task_interfaces/include/task_interfaces/task_interfaces/msg/detail/output_msg__type_support.h
[2.578s] -- Installing: /home/snow/Desktop/enemy_estimator_ws/install/task_interfaces/include/task_interfaces/task_interfaces/msg/input_msg.h
[2.579s] -- Installing: /home/snow/Desktop/enemy_estimator_ws/install/task_interfaces/include/task_interfaces/task_interfaces/msg/output_msg.h
[2.579s] -- Installing: /home/snow/Desktop/enemy_estimator_ws/install/task_interfaces/include/task_interfaces/task_interfaces/msg/rosidl_generator_c__visibility_control.h
[2.579s] -- Installing: /home/snow/Desktop/enemy_estimator_ws/install/task_interfaces/share/task_interfaces/environment/library_path.sh
[2.579s] -- Installing: /home/snow/Desktop/enemy_estimator_ws/install/task_interfaces/share/task_interfaces/environment/library_path.dsv
[2.579s] -- Installing: /home/snow/Desktop/enemy_estimator_ws/install/task_interfaces/lib/libtask_interfaces__rosidl_generator_c.so
[2.579s] -- Set runtime path of "/home/snow/Desktop/enemy_estimator_ws/install/task_interfaces/lib/libtask_interfaces__rosidl_generator_c.so" to ""
[2.579s] -- Up-to-date: /home/snow/Desktop/enemy_estimator_ws/install/task_interfaces/include/task_interfaces/task_interfaces
[2.580s] -- Up-to-date: /home/snow/Desktop/enemy_estimator_ws/install/task_interfaces/include/task_interfaces/task_interfaces/msg
[2.580s] -- Installing: /home/snow/Desktop/enemy_estimator_ws/install/task_interfaces/include/task_interfaces/task_interfaces/msg/rosidl_typesupport_fastrtps_c__visibility_control.h
[2.580s] -- Up-to-date: /home/snow/Desktop/enemy_estimator_ws/install/task_interfaces/include/task_interfaces/task_interfaces/msg/detail
[2.580s] -- Installing: /home/snow/Desktop/enemy_estimator_ws/install/task_interfaces/include/task_interfaces/task_interfaces/msg/detail/input_msg__rosidl_typesupport_fastrtps_c.h
[2.580s] -- Installing: /home/snow/Desktop/enemy_estimator_ws/install/task_interfaces/include/task_interfaces/task_interfaces/msg/detail/output_msg__rosidl_typesupport_fastrtps_c.h
[2.580s] -- Installing: /home/snow/Desktop/enemy_estimator_ws/install/task_interfaces/lib/libtask_interfaces__rosidl_typesupport_fastrtps_c.so
[2.581s] -- Set runtime path of "/home/snow/Desktop/enemy_estimator_ws/install/task_interfaces/lib/libtask_interfaces__rosidl_typesupport_fastrtps_c.so" to ""
[2.581s] -- Up-to-date: /home/snow/Desktop/enemy_estimator_ws/install/task_interfaces/include/task_interfaces/task_interfaces
[2.581s] -- Up-to-date: /home/snow/Desktop/enemy_estimator_ws/install/task_interfaces/include/task_interfaces/task_interfaces/msg
[2.581s] -- Installing: /home/snow/Desktop/enemy_estimator_ws/install/task_interfaces/include/task_interfaces/task_interfaces/msg/rosidl_typesupport_introspection_c__visibility_control.h
[2.581s] -- Up-to-date: /home/snow/Desktop/enemy_estimator_ws/install/task_interfaces/include/task_interfaces/task_interfaces/msg/detail
[2.581s] -- Installing: /home/snow/Desktop/enemy_estimator_ws/install/task_interfaces/include/task_interfaces/task_interfaces/msg/detail/input_msg__type_support.c
[2.581s] -- Installing: /home/snow/Desktop/enemy_estimator_ws/install/task_interfaces/include/task_interfaces/task_interfaces/msg/detail/input_msg__rosidl_typesupport_introspection_c.h
[2.582s] -- Installing: /home/snow/Desktop/enemy_estimator_ws/install/task_interfaces/include/task_interfaces/task_interfaces/msg/detail/output_msg__type_support.c
[2.582s] -- Installing: /home/snow/Desktop/enemy_estimator_ws/install/task_interfaces/include/task_interfaces/task_interfaces/msg/detail/output_msg__rosidl_typesupport_introspection_c.h
[2.582s] -- Installing: /home/snow/Desktop/enemy_estimator_ws/install/task_interfaces/lib/libtask_interfaces__rosidl_typesupport_introspection_c.so
[2.582s] -- Set runtime path of "/home/snow/Desktop/enemy_estimator_ws/install/task_interfaces/lib/libtask_interfaces__rosidl_typesupport_introspection_c.so" to ""
[2.582s] -- Installing: /home/snow/Desktop/enemy_estimator_ws/install/task_interfaces/lib/libtask_interfaces__rosidl_typesupport_c.so
[2.582s] -- Set runtime path of "/home/snow/Desktop/enemy_estimator_ws/install/task_interfaces/lib/libtask_interfaces__rosidl_typesupport_c.so" to ""
[2.583s] -- Up-to-date: /home/snow/Desktop/enemy_estimator_ws/install/task_interfaces/include/task_interfaces/task_interfaces
[2.583s] -- Up-to-date: /home/snow/Desktop/enemy_estimator_ws/install/task_interfaces/include/task_interfaces/task_interfaces/msg
[2.583s] -- Installing: /home/snow/Desktop/enemy_estimator_ws/install/task_interfaces/include/task_interfaces/task_interfaces/msg/output_msg.hpp
[2.583s] -- Up-to-date: /home/snow/Desktop/enemy_estimator_ws/install/task_interfaces/include/task_interfaces/task_interfaces/msg/detail
[2.583s] -- Installing: /home/snow/Desktop/enemy_estimator_ws/install/task_interfaces/include/task_interfaces/task_interfaces/msg/detail/output_msg__struct.hpp
[2.583s] -- Installing: /home/snow/Desktop/enemy_estimator_ws/install/task_interfaces/include/task_interfaces/task_interfaces/msg/detail/output_msg__builder.hpp
[2.583s] -- Installing: /home/snow/Desktop/enemy_estimator_ws/install/task_interfaces/include/task_interfaces/task_interfaces/msg/detail/input_msg__builder.hpp
[2.584s] -- Installing: /home/snow/Desktop/enemy_estimator_ws/install/task_interfaces/include/task_interfaces/task_interfaces/msg/detail/input_msg__traits.hpp
[2.584s] -- Installing: /home/snow/Desktop/enemy_estimator_ws/install/task_interfaces/include/task_interfaces/task_interfaces/msg/detail/output_msg__traits.hpp
[2.584s] -- Installing: /home/snow/Desktop/enemy_estimator_ws/install/task_interfaces/include/task_interfaces/task_interfaces/msg/detail/input_msg__struct.hpp
[2.584s] -- Installing: /home/snow/Desktop/enemy_estimator_ws/install/task_interfaces/include/task_interfaces/task_interfaces/msg/input_msg.hpp
[2.584s] -- Up-to-date: /home/snow/Desktop/enemy_estimator_ws/install/task_interfaces/include/task_interfaces/task_interfaces
[2.584s] -- Up-to-date: /home/snow/Desktop/enemy_estimator_ws/install/task_interfaces/include/task_interfaces/task_interfaces/msg
[2.585s] -- Installing: /home/snow/Desktop/enemy_estimator_ws/install/task_interfaces/include/task_interfaces/task_interfaces/msg/rosidl_typesupport_fastrtps_cpp__visibility_control.h
[2.585s] -- Up-to-date: /home/snow/Desktop/enemy_estimator_ws/install/task_interfaces/include/task_interfaces/task_interfaces/msg/detail
[2.585s] -- Installing: /home/snow/Desktop/enemy_estimator_ws/install/task_interfaces/include/task_interfaces/task_interfaces/msg/detail/output_msg__rosidl_typesupport_fastrtps_cpp.hpp
[2.585s] -- Installing: /home/snow/Desktop/enemy_estimator_ws/install/task_interfaces/include/task_interfaces/task_interfaces/msg/detail/dds_fastrtps
[2.585s] -- Installing: /home/snow/Desktop/enemy_estimator_ws/install/task_interfaces/include/task_interfaces/task_interfaces/msg/detail/input_msg__rosidl_typesupport_fastrtps_cpp.hpp
[2.585s] -- Installing: /home/snow/Desktop/enemy_estimator_ws/install/task_interfaces/lib/libtask_interfaces__rosidl_typesupport_fastrtps_cpp.so
[2.585s] -- Set runtime path of "/home/snow/Desktop/enemy_estimator_ws/install/task_interfaces/lib/libtask_interfaces__rosidl_typesupport_fastrtps_cpp.so" to ""
[2.585s] -- Up-to-date: /home/snow/Desktop/enemy_estimator_ws/install/task_interfaces/include/task_interfaces/task_interfaces
[2.586s] -- Up-to-date: /home/snow/Desktop/enemy_estimator_ws/install/task_interfaces/include/task_interfaces/task_interfaces/msg
[2.586s] -- Up-to-date: /home/snow/Desktop/enemy_estimator_ws/install/task_interfaces/include/task_interfaces/task_interfaces/msg/detail
[2.586s] -- Installing: /home/snow/Desktop/enemy_estimator_ws/install/task_interfaces/include/task_interfaces/task_interfaces/msg/detail/output_msg__rosidl_typesupport_introspection_cpp.hpp
[2.586s] -- Installing: /home/snow/Desktop/enemy_estimator_ws/install/task_interfaces/include/task_interfaces/task_interfaces/msg/detail/output_msg__type_support.cpp
[2.586s] -- Installing: /home/snow/Desktop/enemy_estimator_ws/install/task_interfaces/include/task_interfaces/task_interfaces/msg/detail/input_msg__rosidl_typesupport_introspection_cpp.hpp
[2.586s] -- Installing: /home/snow/Desktop/enemy_estimator_ws/install/task_interfaces/include/task_interfaces/task_interfaces/msg/detail/input_msg__type_support.cpp
[2.586s] -- Installing: /home/snow/Desktop/enemy_estimator_ws/install/task_interfaces/lib/libtask_interfaces__rosidl_typesupport_introspection_cpp.so
[2.586s] -- Set runtime path of "/home/snow/Desktop/enemy_estimator_ws/install/task_interfaces/lib/libtask_interfaces__rosidl_typesupport_introspection_cpp.so" to ""
[2.586s] -- Installing: /home/snow/Desktop/enemy_estimator_ws/install/task_interfaces/lib/libtask_interfaces__rosidl_typesupport_cpp.so
[2.587s] -- Set runtime path of "/home/snow/Desktop/enemy_estimator_ws/install/task_interfaces/lib/libtask_interfaces__rosidl_typesupport_cpp.so" to ""
[2.587s] -- Installing: /home/snow/Desktop/enemy_estimator_ws/install/task_interfaces/share/task_interfaces/environment/pythonpath.sh
[2.587s] -- Installing: /home/snow/Desktop/enemy_estimator_ws/install/task_interfaces/share/task_interfaces/environment/pythonpath.dsv
[2.587s] -- Installing: /home/snow/Desktop/enemy_estimator_ws/install/task_interfaces/local/lib/python3.10/dist-packages/task_interfaces-0.0.0-py3.10.egg-info
[2.587s] -- Installing: /home/snow/Desktop/enemy_estimator_ws/install/task_interfaces/local/lib/python3.10/dist-packages/task_interfaces-0.0.0-py3.10.egg-info/PKG-INFO
[2.587s] -- Installing: /home/snow/Desktop/enemy_estimator_ws/install/task_interfaces/local/lib/python3.10/dist-packages/task_interfaces-0.0.0-py3.10.egg-info/SOURCES.txt
[2.587s] -- Installing: /home/snow/Desktop/enemy_estimator_ws/install/task_interfaces/local/lib/python3.10/dist-packages/task_interfaces-0.0.0-py3.10.egg-info/top_level.txt
[2.587s] -- Installing: /home/snow/Desktop/enemy_estimator_ws/install/task_interfaces/local/lib/python3.10/dist-packages/task_interfaces-0.0.0-py3.10.egg-info/dependency_links.txt
[2.588s] -- Installing: /home/snow/Desktop/enemy_estimator_ws/install/task_interfaces/local/lib/python3.10/dist-packages/task_interfaces
[2.588s] -- Installing: /home/snow/Desktop/enemy_estimator_ws/install/task_interfaces/local/lib/python3.10/dist-packages/task_interfaces/task_interfaces_s__rosidl_typesupport_c.cpython-310-x86_64-linux-gnu.so
[2.588s] -- Installing: /home/snow/Desktop/enemy_estimator_ws/install/task_interfaces/local/lib/python3.10/dist-packages/task_interfaces/__init__.py
[2.588s] -- Installing: /home/snow/Desktop/enemy_estimator_ws/install/task_interfaces/local/lib/python3.10/dist-packages/task_interfaces/task_interfaces_s__rosidl_typesupport_introspection_c.cpython-310-x86_64-linux-gnu.so
[2.588s] -- Installing: /home/snow/Desktop/enemy_estimator_ws/install/task_interfaces/local/lib/python3.10/dist-packages/task_interfaces/msg
[2.588s] -- Installing: /home/snow/Desktop/enemy_estimator_ws/install/task_interfaces/local/lib/python3.10/dist-packages/task_interfaces/msg/__init__.py
[2.588s] -- Installing: /home/snow/Desktop/enemy_estimator_ws/install/task_interfaces/local/lib/python3.10/dist-packages/task_interfaces/msg/_input_msg.py
[2.588s] -- Installing: /home/snow/Desktop/enemy_estimator_ws/install/task_interfaces/local/lib/python3.10/dist-packages/task_interfaces/msg/_output_msg.py
[2.588s] -- Installing: /home/snow/Desktop/enemy_estimator_ws/install/task_interfaces/local/lib/python3.10/dist-packages/task_interfaces/msg/_output_msg_s.c
[2.589s] -- Installing: /home/snow/Desktop/enemy_estimator_ws/install/task_interfaces/local/lib/python3.10/dist-packages/task_interfaces/msg/_input_msg_s.c
[2.589s] -- Installing: /home/snow/Desktop/enemy_estimator_ws/install/task_interfaces/local/lib/python3.10/dist-packages/task_interfaces/_task_interfaces_s.ep.rosidl_typesupport_c.c
[2.589s] -- Installing: /home/snow/Desktop/enemy_estimator_ws/install/task_interfaces/local/lib/python3.10/dist-packages/task_interfaces/_task_interfaces_s.ep.rosidl_typesupport_introspection_c.c
[2.589s] -- Installing: /home/snow/Desktop/enemy_estimator_ws/install/task_interfaces/local/lib/python3.10/dist-packages/task_interfaces/_task_interfaces_s.ep.rosidl_typesupport_fastrtps_c.c
[2.589s] -- Installing: /home/snow/Desktop/enemy_estimator_ws/install/task_interfaces/local/lib/python3.10/dist-packages/task_interfaces/libtask_interfaces__rosidl_generator_py.so
[2.589s] -- Installing: /home/snow/Desktop/enemy_estimator_ws/install/task_interfaces/local/lib/python3.10/dist-packages/task_interfaces/task_interfaces_s__rosidl_typesupport_fastrtps_c.cpython-310-x86_64-linux-gnu.so
[2.609s] Listing '/home/snow/Desktop/enemy_estimator_ws/install/task_interfaces/local/lib/python3.10/dist-packages/task_interfaces'...
[2.610s] Compiling '/home/snow/Desktop/enemy_estimator_ws/install/task_interfaces/local/lib/python3.10/dist-packages/task_interfaces/__init__.py'...
[2.610s] Listing '/home/snow/Desktop/enemy_estimator_ws/install/task_interfaces/local/lib/python3.10/dist-packages/task_interfaces/msg'...
[2.610s] Compiling '/home/snow/Desktop/enemy_estimator_ws/install/task_interfaces/local/lib/python3.10/dist-packages/task_interfaces/msg/__init__.py'...
[2.610s] Compiling '/home/snow/Desktop/enemy_estimator_ws/install/task_interfaces/local/lib/python3.10/dist-packages/task_interfaces/msg/_input_msg.py'...
[2.610s] Compiling '/home/snow/Desktop/enemy_estimator_ws/install/task_interfaces/local/lib/python3.10/dist-packages/task_interfaces/msg/_output_msg.py'...
[2.612s] -- Installing: /home/snow/Desktop/enemy_estimator_ws/install/task_interfaces/local/lib/python3.10/dist-packages/task_interfaces/task_interfaces_s__rosidl_typesupport_fastrtps_c.cpython-310-x86_64-linux-gnu.so
[2.613s] -- Set runtime path of "/home/snow/Desktop/enemy_estimator_ws/install/task_interfaces/local/lib/python3.10/dist-packages/task_interfaces/task_interfaces_s__rosidl_typesupport_fastrtps_c.cpython-310-x86_64-linux-gnu.so" to ""
[2.613s] -- Installing: /home/snow/Desktop/enemy_estimator_ws/install/task_interfaces/local/lib/python3.10/dist-packages/task_interfaces/task_interfaces_s__rosidl_typesupport_introspection_c.cpython-310-x86_64-linux-gnu.so
[2.613s] -- Set runtime path of "/home/snow/Desktop/enemy_estimator_ws/install/task_interfaces/local/lib/python3.10/dist-packages/task_interfaces/task_interfaces_s__rosidl_typesupport_introspection_c.cpython-310-x86_64-linux-gnu.so" to ""
[2.613s] -- Installing: /home/snow/Desktop/enemy_estimator_ws/install/task_interfaces/local/lib/python3.10/dist-packages/task_interfaces/task_interfaces_s__rosidl_typesupport_c.cpython-310-x86_64-linux-gnu.so
[2.613s] -- Set runtime path of "/home/snow/Desktop/enemy_estimator_ws/install/task_interfaces/local/lib/python3.10/dist-packages/task_interfaces/task_interfaces_s__rosidl_typesupport_c.cpython-310-x86_64-linux-gnu.so" to ""
[2.614s] -- Installing: /home/snow/Desktop/enemy_estimator_ws/install/task_interfaces/lib/libtask_interfaces__rosidl_generator_py.so
[2.614s] -- Set runtime path of "/home/snow/Desktop/enemy_estimator_ws/install/task_interfaces/lib/libtask_interfaces__rosidl_generator_py.so" to ""
[2.614s] -- Installing: /home/snow/Desktop/enemy_estimator_ws/install/task_interfaces/share/task_interfaces/msg/InputMsg.idl
[2.614s] -- Installing: /home/snow/Desktop/enemy_estimator_ws/install/task_interfaces/share/task_interfaces/msg/OutputMsg.idl
[2.614s] -- Installing: /home/snow/Desktop/enemy_estimator_ws/install/task_interfaces/share/task_interfaces/msg/InputMsg.msg
[2.614s] -- Installing: /home/snow/Desktop/enemy_estimator_ws/install/task_interfaces/share/task_interfaces/msg/OutputMsg.msg
[2.614s] -- Installing: /home/snow/Desktop/enemy_estimator_ws/install/task_interfaces/share/ament_index/resource_index/package_run_dependencies/task_interfaces
[2.614s] -- Installing: /home/snow/Desktop/enemy_estimator_ws/install/task_interfaces/share/ament_index/resource_index/parent_prefix_path/task_interfaces
[2.614s] -- Installing: /home/snow/Desktop/enemy_estimator_ws/install/task_interfaces/share/task_interfaces/environment/ament_prefix_path.sh
[2.615s] -- Installing: /home/snow/Desktop/enemy_estimator_ws/install/task_interfaces/share/task_interfaces/environment/ament_prefix_path.dsv
[2.615s] -- Installing: /home/snow/Desktop/enemy_estimator_ws/install/task_interfaces/share/task_interfaces/environment/path.sh
[2.615s] -- Installing: /home/snow/Desktop/enemy_estimator_ws/install/task_interfaces/share/task_interfaces/environment/path.dsv
[2.615s] -- Installing: /home/snow/Desktop/enemy_estimator_ws/install/task_interfaces/share/task_interfaces/local_setup.bash
[2.615s] -- Installing: /home/snow/Desktop/enemy_estimator_ws/install/task_interfaces/share/task_interfaces/local_setup.sh
[2.615s] -- Installing: /home/snow/Desktop/enemy_estimator_ws/install/task_interfaces/share/task_interfaces/local_setup.zsh
[2.615s] -- Installing: /home/snow/Desktop/enemy_estimator_ws/install/task_interfaces/share/task_interfaces/local_setup.dsv
[2.615s] -- Installing: /home/snow/Desktop/enemy_estimator_ws/install/task_interfaces/share/task_interfaces/package.dsv
[2.616s] -- Installing: /home/snow/Desktop/enemy_estimator_ws/install/task_interfaces/share/ament_index/resource_index/packages/task_interfaces
[2.616s] -- Installing: /home/snow/Desktop/enemy_estimator_ws/install/task_interfaces/share/task_interfaces/cmake/export_task_interfaces__rosidl_generator_cExport.cmake
[2.616s] -- Installing: /home/snow/Desktop/enemy_estimator_ws/install/task_interfaces/share/task_interfaces/cmake/export_task_interfaces__rosidl_generator_cExport-noconfig.cmake
[2.616s] -- Installing: /home/snow/Desktop/enemy_estimator_ws/install/task_interfaces/share/task_interfaces/cmake/export_task_interfaces__rosidl_typesupport_fastrtps_cExport.cmake
[2.616s] -- Installing: /home/snow/Desktop/enemy_estimator_ws/install/task_interfaces/share/task_interfaces/cmake/export_task_interfaces__rosidl_typesupport_fastrtps_cExport-noconfig.cmake
[2.616s] -- Installing: /home/snow/Desktop/enemy_estimator_ws/install/task_interfaces/share/task_interfaces/cmake/task_interfaces__rosidl_typesupport_introspection_cExport.cmake
[2.616s] -- Installing: /home/snow/Desktop/enemy_estimator_ws/install/task_interfaces/share/task_interfaces/cmake/task_interfaces__rosidl_typesupport_introspection_cExport-noconfig.cmake
[2.616s] -- Installing: /home/snow/Desktop/enemy_estimator_ws/install/task_interfaces/share/task_interfaces/cmake/task_interfaces__rosidl_typesupport_cExport.cmake
[2.616s] -- Installing: /home/snow/Desktop/enemy_estimator_ws/install/task_interfaces/share/task_interfaces/cmake/task_interfaces__rosidl_typesupport_cExport-noconfig.cmake
[2.616s] -- Installing: /home/snow/Desktop/enemy_estimator_ws/install/task_interfaces/share/task_interfaces/cmake/export_task_interfaces__rosidl_generator_cppExport.cmake
[2.616s] -- Installing: /home/snow/Desktop/enemy_estimator_ws/install/task_interfaces/share/task_interfaces/cmake/export_task_interfaces__rosidl_typesupport_fastrtps_cppExport.cmake
[2.616s] -- Installing: /home/snow/Desktop/enemy_estimator_ws/install/task_interfaces/share/task_interfaces/cmake/export_task_interfaces__rosidl_typesupport_fastrtps_cppExport-noconfig.cmake
[2.616s] -- Installing: /home/snow/Desktop/enemy_estimator_ws/install/task_interfaces/share/task_interfaces/cmake/task_interfaces__rosidl_typesupport_introspection_cppExport.cmake
[2.616s] -- Installing: /home/snow/Desktop/enemy_estimator_ws/install/task_interfaces/share/task_interfaces/cmake/task_interfaces__rosidl_typesupport_introspection_cppExport-noconfig.cmake
[2.616s] -- Installing: /home/snow/Desktop/enemy_estimator_ws/install/task_interfaces/share/task_interfaces/cmake/task_interfaces__rosidl_typesupport_cppExport.cmake
[2.616s] -- Installing: /home/snow/Desktop/enemy_estimator_ws/install/task_interfaces/share/task_interfaces/cmake/task_interfaces__rosidl_typesupport_cppExport-noconfig.cmake
[2.616s] -- Installing: /home/snow/Desktop/enemy_estimator_ws/install/task_interfaces/share/task_interfaces/cmake/export_task_interfaces__rosidl_generator_pyExport.cmake
[2.616s] -- Installing: /home/snow/Desktop/enemy_estimator_ws/install/task_interfaces/share/task_interfaces/cmake/export_task_interfaces__rosidl_generator_pyExport-noconfig.cmake
[2.616s] -- Installing: /home/snow/Desktop/enemy_estimator_ws/install/task_interfaces/share/task_interfaces/cmake/rosidl_cmake-extras.cmake
[2.616s] -- Installing: /home/snow/Desktop/enemy_estimator_ws/install/task_interfaces/share/task_interfaces/cmake/ament_cmake_export_dependencies-extras.cmake
[2.616s] -- Installing: /home/snow/Desktop/enemy_estimator_ws/install/task_interfaces/share/task_interfaces/cmake/ament_cmake_export_include_directories-extras.cmake
[2.616s] -- Installing: /home/snow/Desktop/enemy_estimator_ws/install/task_interfaces/share/task_interfaces/cmake/ament_cmake_export_libraries-extras.cmake
[2.617s] -- Installing: /home/snow/Desktop/enemy_estimator_ws/install/task_interfaces/share/task_interfaces/cmake/ament_cmake_export_targets-extras.cmake
[2.618s] -- Installing: /home/snow/Desktop/enemy_estimator_ws/install/task_interfaces/share/task_interfaces/cmake/rosidl_cmake_export_typesupport_targets-extras.cmake
[2.618s] -- Installing: /home/snow/Desktop/enemy_estimator_ws/install/task_interfaces/share/task_interfaces/cmake/rosidl_cmake_export_typesupport_libraries-extras.cmake
[2.618s] -- Installing: /home/snow/Desktop/enemy_estimator_ws/install/task_interfaces/share/task_interfaces/cmake/task_interfacesConfig.cmake
[2.618s] -- Installing: /home/snow/Desktop/enemy_estimator_ws/install/task_interfaces/share/task_interfaces/cmake/task_interfacesConfig-version.cmake
[2.618s] -- Installing: /home/snow/Desktop/enemy_estimator_ws/install/task_interfaces/share/task_interfaces/package.xml
[2.618s] Invoked command in '/home/snow/Desktop/enemy_estimator_ws/build/task_interfaces' returned '0': CMAKE_PREFIX_PATH=/opt/ros/humble /usr/bin/cmake --install /home/snow/Desktop/enemy_estimator_ws/build/task_interfaces
