[0.025s] Invoking command in '/home/snow/Desktop/enemy_estimator_ws/build/task_interfaces': CMAKE_PREFIX_PATH=/opt/ros/humble /usr/bin/cmake --build /home/snow/Desktop/enemy_estimator_ws/build/task_interfaces -- -j20 -l20
[0.057s] [35m[1mConsolidate compiler generated dependencies of target task_interfaces__rosidl_generator_c[0m
[0.064s] [  2%] Built target task_interfaces__cpp
[0.065s] [ 12%] Built target task_interfaces__rosidl_generator_c
[0.070s] [ 12%] Built target ament_cmake_python_copy_task_interfaces
[0.073s] [35m[1mConsolidate compiler generated dependencies of target task_interfaces__rosidl_typesupport_cpp[0m
[0.074s] [35m[1mConsolidate compiler generated dependencies of target task_interfaces__rosidl_typesupport_fastrtps_cpp[0m
[0.074s] [35m[1mConsolidate compiler generated dependencies of target task_interfaces__rosidl_typesupport_introspection_c[0m
[0.075s] [35m[1mConsolidate compiler generated dependencies of target task_interfaces__rosidl_typesupport_fastrtps_c[0m
[0.075s] [35m[1mConsolidate compiler generated dependencies of target task_interfaces__rosidl_typesupport_c[0m
[0.077s] [35m[1mConsolidate compiler generated dependencies of target task_interfaces__rosidl_typesupport_introspection_cpp[0m
[0.082s] [ 30%] Built target task_interfaces__rosidl_typesupport_introspection_c
[0.082s] [ 33%] Built target task_interfaces__rosidl_typesupport_cpp
[0.082s] [ 43%] Built target task_interfaces__rosidl_typesupport_c
[0.083s] [ 53%] Built target task_interfaces__rosidl_typesupport_fastrtps_cpp
[0.085s] [ 64%] Built target task_interfaces__rosidl_typesupport_introspection_cpp
[0.086s] [ 74%] Built target task_interfaces__rosidl_typesupport_fastrtps_c
[0.098s] [ 74%] Built target task_interfaces
[0.111s] [ 76%] Built target task_interfaces__py
[0.117s] [35m[1mConsolidate compiler generated dependencies of target task_interfaces__rosidl_generator_py[0m
[0.126s] [ 84%] Built target task_interfaces__rosidl_generator_py
[0.132s] [35m[1mConsolidate compiler generated dependencies of target task_interfaces__rosidl_typesupport_fastrtps_c__pyext[0m
[0.132s] [35m[1mConsolidate compiler generated dependencies of target task_interfaces__rosidl_typesupport_introspection_c__pyext[0m
[0.132s] [35m[1mConsolidate compiler generated dependencies of target task_interfaces__rosidl_typesupport_c__pyext[0m
[0.140s] [ 94%] Built target task_interfaces__rosidl_typesupport_introspection_c__pyext
[0.140s] [ 94%] Built target task_interfaces__rosidl_typesupport_fastrtps_c__pyext
[0.140s] [100%] Built target task_interfaces__rosidl_typesupport_c__pyext
[0.205s] running egg_info
[0.206s] writing task_interfaces.egg-info/PKG-INFO
[0.206s] writing dependency_links to task_interfaces.egg-info/dependency_links.txt
[0.206s] writing top-level names to task_interfaces.egg-info/top_level.txt
[0.208s] reading manifest file 'task_interfaces.egg-info/SOURCES.txt'
[0.209s] writing manifest file 'task_interfaces.egg-info/SOURCES.txt'
[0.232s] [100%] Built target ament_cmake_python_build_task_interfaces_egg
[0.240s] Invoked command in '/home/snow/Desktop/enemy_estimator_ws/build/task_interfaces' returned '0': CMAKE_PREFIX_PATH=/opt/ros/humble /usr/bin/cmake --build /home/snow/Desktop/enemy_estimator_ws/build/task_interfaces -- -j20 -l20
[0.286s] Invoking command in '/home/snow/Desktop/enemy_estimator_ws/build/task_interfaces': CMAKE_PREFIX_PATH=/opt/ros/humble /usr/bin/cmake --install /home/snow/Desktop/enemy_estimator_ws/build/task_interfaces
[0.290s] -- Install configuration: ""
[0.291s] -- Up-to-date: /home/snow/Desktop/enemy_estimator_ws/install/task_interfaces/share/ament_index/resource_index/rosidl_interfaces/task_interfaces
[0.291s] -- Up-to-date: /home/snow/Desktop/enemy_estimator_ws/install/task_interfaces/include/task_interfaces/task_interfaces
[0.291s] -- Up-to-date: /home/snow/Desktop/enemy_estimator_ws/install/task_interfaces/include/task_interfaces/task_interfaces/msg
[0.291s] -- Up-to-date: /home/snow/Desktop/enemy_estimator_ws/install/task_interfaces/include/task_interfaces/task_interfaces/msg/detail
[0.291s] -- Up-to-date: /home/snow/Desktop/enemy_estimator_ws/install/task_interfaces/include/task_interfaces/task_interfaces/msg/detail/input_msg__struct.h
[0.291s] -- Up-to-date: /home/snow/Desktop/enemy_estimator_ws/install/task_interfaces/include/task_interfaces/task_interfaces/msg/detail/input_msg__type_support.h
[0.291s] -- Up-to-date: /home/snow/Desktop/enemy_estimator_ws/install/task_interfaces/include/task_interfaces/task_interfaces/msg/detail/input_msg__functions.c
[0.291s] -- Up-to-date: /home/snow/Desktop/enemy_estimator_ws/install/task_interfaces/include/task_interfaces/task_interfaces/msg/detail/output_msg__struct.h
[0.291s] -- Up-to-date: /home/snow/Desktop/enemy_estimator_ws/install/task_interfaces/include/task_interfaces/task_interfaces/msg/detail/input_msg__functions.h
[0.292s] -- Up-to-date: /home/snow/Desktop/enemy_estimator_ws/install/task_interfaces/include/task_interfaces/task_interfaces/msg/detail/output_msg__functions.h
[0.292s] -- Up-to-date: /home/snow/Desktop/enemy_estimator_ws/install/task_interfaces/include/task_interfaces/task_interfaces/msg/detail/output_msg__functions.c
[0.292s] -- Up-to-date: /home/snow/Desktop/enemy_estimator_ws/install/task_interfaces/include/task_interfaces/task_interfaces/msg/detail/output_msg__type_support.h
[0.292s] -- Up-to-date: /home/snow/Desktop/enemy_estimator_ws/install/task_interfaces/include/task_interfaces/task_interfaces/msg/input_msg.h
[0.292s] -- Up-to-date: /home/snow/Desktop/enemy_estimator_ws/install/task_interfaces/include/task_interfaces/task_interfaces/msg/output_msg.h
[0.292s] -- Up-to-date: /home/snow/Desktop/enemy_estimator_ws/install/task_interfaces/include/task_interfaces/task_interfaces/msg/rosidl_generator_c__visibility_control.h
[0.292s] -- Up-to-date: /home/snow/Desktop/enemy_estimator_ws/install/task_interfaces/share/task_interfaces/environment/library_path.sh
[0.292s] -- Up-to-date: /home/snow/Desktop/enemy_estimator_ws/install/task_interfaces/share/task_interfaces/environment/library_path.dsv
[0.292s] -- Up-to-date: /home/snow/Desktop/enemy_estimator_ws/install/task_interfaces/lib/libtask_interfaces__rosidl_generator_c.so
[0.293s] -- Up-to-date: /home/snow/Desktop/enemy_estimator_ws/install/task_interfaces/include/task_interfaces/task_interfaces
[0.293s] -- Up-to-date: /home/snow/Desktop/enemy_estimator_ws/install/task_interfaces/include/task_interfaces/task_interfaces/msg
[0.293s] -- Up-to-date: /home/snow/Desktop/enemy_estimator_ws/install/task_interfaces/include/task_interfaces/task_interfaces/msg/rosidl_typesupport_fastrtps_c__visibility_control.h
[0.293s] -- Up-to-date: /home/snow/Desktop/enemy_estimator_ws/install/task_interfaces/include/task_interfaces/task_interfaces/msg/detail
[0.293s] -- Up-to-date: /home/snow/Desktop/enemy_estimator_ws/install/task_interfaces/include/task_interfaces/task_interfaces/msg/detail/input_msg__rosidl_typesupport_fastrtps_c.h
[0.293s] -- Up-to-date: /home/snow/Desktop/enemy_estimator_ws/install/task_interfaces/include/task_interfaces/task_interfaces/msg/detail/output_msg__rosidl_typesupport_fastrtps_c.h
[0.293s] -- Up-to-date: /home/snow/Desktop/enemy_estimator_ws/install/task_interfaces/lib/libtask_interfaces__rosidl_typesupport_fastrtps_c.so
[0.293s] -- Up-to-date: /home/snow/Desktop/enemy_estimator_ws/install/task_interfaces/include/task_interfaces/task_interfaces
[0.293s] -- Up-to-date: /home/snow/Desktop/enemy_estimator_ws/install/task_interfaces/include/task_interfaces/task_interfaces/msg
[0.293s] -- Up-to-date: /home/snow/Desktop/enemy_estimator_ws/install/task_interfaces/include/task_interfaces/task_interfaces/msg/rosidl_typesupport_introspection_c__visibility_control.h
[0.293s] -- Up-to-date: /home/snow/Desktop/enemy_estimator_ws/install/task_interfaces/include/task_interfaces/task_interfaces/msg/detail
[0.293s] -- Up-to-date: /home/snow/Desktop/enemy_estimator_ws/install/task_interfaces/include/task_interfaces/task_interfaces/msg/detail/input_msg__type_support.c
[0.293s] -- Up-to-date: /home/snow/Desktop/enemy_estimator_ws/install/task_interfaces/include/task_interfaces/task_interfaces/msg/detail/input_msg__rosidl_typesupport_introspection_c.h
[0.294s] -- Up-to-date: /home/snow/Desktop/enemy_estimator_ws/install/task_interfaces/include/task_interfaces/task_interfaces/msg/detail/output_msg__type_support.c
[0.294s] -- Up-to-date: /home/snow/Desktop/enemy_estimator_ws/install/task_interfaces/include/task_interfaces/task_interfaces/msg/detail/output_msg__rosidl_typesupport_introspection_c.h
[0.294s] -- Up-to-date: /home/snow/Desktop/enemy_estimator_ws/install/task_interfaces/lib/libtask_interfaces__rosidl_typesupport_introspection_c.so
[0.294s] -- Up-to-date: /home/snow/Desktop/enemy_estimator_ws/install/task_interfaces/lib/libtask_interfaces__rosidl_typesupport_c.so
[0.294s] -- Up-to-date: /home/snow/Desktop/enemy_estimator_ws/install/task_interfaces/include/task_interfaces/task_interfaces
[0.294s] -- Up-to-date: /home/snow/Desktop/enemy_estimator_ws/install/task_interfaces/include/task_interfaces/task_interfaces/msg
[0.294s] -- Up-to-date: /home/snow/Desktop/enemy_estimator_ws/install/task_interfaces/include/task_interfaces/task_interfaces/msg/output_msg.hpp
[0.294s] -- Up-to-date: /home/snow/Desktop/enemy_estimator_ws/install/task_interfaces/include/task_interfaces/task_interfaces/msg/detail
[0.294s] -- Up-to-date: /home/snow/Desktop/enemy_estimator_ws/install/task_interfaces/include/task_interfaces/task_interfaces/msg/detail/output_msg__struct.hpp
[0.294s] -- Up-to-date: /home/snow/Desktop/enemy_estimator_ws/install/task_interfaces/include/task_interfaces/task_interfaces/msg/detail/output_msg__builder.hpp
[0.294s] -- Up-to-date: /home/snow/Desktop/enemy_estimator_ws/install/task_interfaces/include/task_interfaces/task_interfaces/msg/detail/input_msg__builder.hpp
[0.294s] -- Up-to-date: /home/snow/Desktop/enemy_estimator_ws/install/task_interfaces/include/task_interfaces/task_interfaces/msg/detail/input_msg__traits.hpp
[0.295s] -- Up-to-date: /home/snow/Desktop/enemy_estimator_ws/install/task_interfaces/include/task_interfaces/task_interfaces/msg/detail/output_msg__traits.hpp
[0.295s] -- Up-to-date: /home/snow/Desktop/enemy_estimator_ws/install/task_interfaces/include/task_interfaces/task_interfaces/msg/detail/input_msg__struct.hpp
[0.295s] -- Up-to-date: /home/snow/Desktop/enemy_estimator_ws/install/task_interfaces/include/task_interfaces/task_interfaces/msg/input_msg.hpp
[0.295s] -- Up-to-date: /home/snow/Desktop/enemy_estimator_ws/install/task_interfaces/include/task_interfaces/task_interfaces
[0.295s] -- Up-to-date: /home/snow/Desktop/enemy_estimator_ws/install/task_interfaces/include/task_interfaces/task_interfaces/msg
[0.295s] -- Up-to-date: /home/snow/Desktop/enemy_estimator_ws/install/task_interfaces/include/task_interfaces/task_interfaces/msg/rosidl_typesupport_fastrtps_cpp__visibility_control.h
[0.295s] -- Up-to-date: /home/snow/Desktop/enemy_estimator_ws/install/task_interfaces/include/task_interfaces/task_interfaces/msg/detail
[0.295s] -- Up-to-date: /home/snow/Desktop/enemy_estimator_ws/install/task_interfaces/include/task_interfaces/task_interfaces/msg/detail/output_msg__rosidl_typesupport_fastrtps_cpp.hpp
[0.295s] -- Up-to-date: /home/snow/Desktop/enemy_estimator_ws/install/task_interfaces/include/task_interfaces/task_interfaces/msg/detail/dds_fastrtps
[0.295s] -- Up-to-date: /home/snow/Desktop/enemy_estimator_ws/install/task_interfaces/include/task_interfaces/task_interfaces/msg/detail/input_msg__rosidl_typesupport_fastrtps_cpp.hpp
[0.295s] -- Up-to-date: /home/snow/Desktop/enemy_estimator_ws/install/task_interfaces/lib/libtask_interfaces__rosidl_typesupport_fastrtps_cpp.so
[0.295s] -- Up-to-date: /home/snow/Desktop/enemy_estimator_ws/install/task_interfaces/include/task_interfaces/task_interfaces
[0.296s] -- Up-to-date: /home/snow/Desktop/enemy_estimator_ws/install/task_interfaces/include/task_interfaces/task_interfaces/msg
[0.296s] -- Up-to-date: /home/snow/Desktop/enemy_estimator_ws/install/task_interfaces/include/task_interfaces/task_interfaces/msg/detail
[0.296s] -- Up-to-date: /home/snow/Desktop/enemy_estimator_ws/install/task_interfaces/include/task_interfaces/task_interfaces/msg/detail/output_msg__rosidl_typesupport_introspection_cpp.hpp
[0.296s] -- Up-to-date: /home/snow/Desktop/enemy_estimator_ws/install/task_interfaces/include/task_interfaces/task_interfaces/msg/detail/output_msg__type_support.cpp
[0.296s] -- Up-to-date: /home/snow/Desktop/enemy_estimator_ws/install/task_interfaces/include/task_interfaces/task_interfaces/msg/detail/input_msg__rosidl_typesupport_introspection_cpp.hpp
[0.296s] -- Up-to-date: /home/snow/Desktop/enemy_estimator_ws/install/task_interfaces/include/task_interfaces/task_interfaces/msg/detail/input_msg__type_support.cpp
[0.296s] -- Up-to-date: /home/snow/Desktop/enemy_estimator_ws/install/task_interfaces/lib/libtask_interfaces__rosidl_typesupport_introspection_cpp.so
[0.296s] -- Up-to-date: /home/snow/Desktop/enemy_estimator_ws/install/task_interfaces/lib/libtask_interfaces__rosidl_typesupport_cpp.so
[0.296s] -- Up-to-date: /home/snow/Desktop/enemy_estimator_ws/install/task_interfaces/share/task_interfaces/environment/pythonpath.sh
[0.296s] -- Up-to-date: /home/snow/Desktop/enemy_estimator_ws/install/task_interfaces/share/task_interfaces/environment/pythonpath.dsv
[0.296s] -- Up-to-date: /home/snow/Desktop/enemy_estimator_ws/install/task_interfaces/local/lib/python3.10/dist-packages/task_interfaces-0.0.0-py3.10.egg-info
[0.296s] -- Installing: /home/snow/Desktop/enemy_estimator_ws/install/task_interfaces/local/lib/python3.10/dist-packages/task_interfaces-0.0.0-py3.10.egg-info/PKG-INFO
[0.296s] -- Installing: /home/snow/Desktop/enemy_estimator_ws/install/task_interfaces/local/lib/python3.10/dist-packages/task_interfaces-0.0.0-py3.10.egg-info/SOURCES.txt
[0.297s] -- Installing: /home/snow/Desktop/enemy_estimator_ws/install/task_interfaces/local/lib/python3.10/dist-packages/task_interfaces-0.0.0-py3.10.egg-info/top_level.txt
[0.297s] -- Installing: /home/snow/Desktop/enemy_estimator_ws/install/task_interfaces/local/lib/python3.10/dist-packages/task_interfaces-0.0.0-py3.10.egg-info/dependency_links.txt
[0.297s] -- Up-to-date: /home/snow/Desktop/enemy_estimator_ws/install/task_interfaces/local/lib/python3.10/dist-packages/task_interfaces
[0.297s] -- Up-to-date: /home/snow/Desktop/enemy_estimator_ws/install/task_interfaces/local/lib/python3.10/dist-packages/task_interfaces/task_interfaces_s__rosidl_typesupport_c.cpython-310-x86_64-linux-gnu.so
[0.297s] -- Up-to-date: /home/snow/Desktop/enemy_estimator_ws/install/task_interfaces/local/lib/python3.10/dist-packages/task_interfaces/__init__.py
[0.297s] -- Up-to-date: /home/snow/Desktop/enemy_estimator_ws/install/task_interfaces/local/lib/python3.10/dist-packages/task_interfaces/task_interfaces_s__rosidl_typesupport_introspection_c.cpython-310-x86_64-linux-gnu.so
[0.297s] -- Up-to-date: /home/snow/Desktop/enemy_estimator_ws/install/task_interfaces/local/lib/python3.10/dist-packages/task_interfaces/msg
[0.297s] -- Up-to-date: /home/snow/Desktop/enemy_estimator_ws/install/task_interfaces/local/lib/python3.10/dist-packages/task_interfaces/msg/__init__.py
[0.297s] -- Up-to-date: /home/snow/Desktop/enemy_estimator_ws/install/task_interfaces/local/lib/python3.10/dist-packages/task_interfaces/msg/_input_msg.py
[0.297s] -- Up-to-date: /home/snow/Desktop/enemy_estimator_ws/install/task_interfaces/local/lib/python3.10/dist-packages/task_interfaces/msg/_output_msg.py
[0.297s] -- Up-to-date: /home/snow/Desktop/enemy_estimator_ws/install/task_interfaces/local/lib/python3.10/dist-packages/task_interfaces/msg/_output_msg_s.c
[0.297s] -- Up-to-date: /home/snow/Desktop/enemy_estimator_ws/install/task_interfaces/local/lib/python3.10/dist-packages/task_interfaces/msg/_input_msg_s.c
[0.297s] -- Up-to-date: /home/snow/Desktop/enemy_estimator_ws/install/task_interfaces/local/lib/python3.10/dist-packages/task_interfaces/_task_interfaces_s.ep.rosidl_typesupport_c.c
[0.297s] -- Up-to-date: /home/snow/Desktop/enemy_estimator_ws/install/task_interfaces/local/lib/python3.10/dist-packages/task_interfaces/_task_interfaces_s.ep.rosidl_typesupport_introspection_c.c
[0.297s] -- Up-to-date: /home/snow/Desktop/enemy_estimator_ws/install/task_interfaces/local/lib/python3.10/dist-packages/task_interfaces/_task_interfaces_s.ep.rosidl_typesupport_fastrtps_c.c
[0.297s] -- Up-to-date: /home/snow/Desktop/enemy_estimator_ws/install/task_interfaces/local/lib/python3.10/dist-packages/task_interfaces/libtask_interfaces__rosidl_generator_py.so
[0.297s] -- Up-to-date: /home/snow/Desktop/enemy_estimator_ws/install/task_interfaces/local/lib/python3.10/dist-packages/task_interfaces/task_interfaces_s__rosidl_typesupport_fastrtps_c.cpython-310-x86_64-linux-gnu.so
[0.314s] Listing '/home/snow/Desktop/enemy_estimator_ws/install/task_interfaces/local/lib/python3.10/dist-packages/task_interfaces'...
[0.314s] Listing '/home/snow/Desktop/enemy_estimator_ws/install/task_interfaces/local/lib/python3.10/dist-packages/task_interfaces/msg'...
[0.317s] -- Up-to-date: /home/snow/Desktop/enemy_estimator_ws/install/task_interfaces/local/lib/python3.10/dist-packages/task_interfaces/task_interfaces_s__rosidl_typesupport_fastrtps_c.cpython-310-x86_64-linux-gnu.so
[0.317s] -- Up-to-date: /home/snow/Desktop/enemy_estimator_ws/install/task_interfaces/local/lib/python3.10/dist-packages/task_interfaces/task_interfaces_s__rosidl_typesupport_introspection_c.cpython-310-x86_64-linux-gnu.so
[0.317s] -- Up-to-date: /home/snow/Desktop/enemy_estimator_ws/install/task_interfaces/local/lib/python3.10/dist-packages/task_interfaces/task_interfaces_s__rosidl_typesupport_c.cpython-310-x86_64-linux-gnu.so
[0.318s] -- Up-to-date: /home/snow/Desktop/enemy_estimator_ws/install/task_interfaces/lib/libtask_interfaces__rosidl_generator_py.so
[0.318s] -- Up-to-date: /home/snow/Desktop/enemy_estimator_ws/install/task_interfaces/share/task_interfaces/msg/InputMsg.idl
[0.318s] -- Up-to-date: /home/snow/Desktop/enemy_estimator_ws/install/task_interfaces/share/task_interfaces/msg/OutputMsg.idl
[0.318s] -- Up-to-date: /home/snow/Desktop/enemy_estimator_ws/install/task_interfaces/share/task_interfaces/msg/InputMsg.msg
[0.318s] -- Up-to-date: /home/snow/Desktop/enemy_estimator_ws/install/task_interfaces/share/task_interfaces/msg/OutputMsg.msg
[0.318s] -- Up-to-date: /home/snow/Desktop/enemy_estimator_ws/install/task_interfaces/share/ament_index/resource_index/package_run_dependencies/task_interfaces
[0.318s] -- Up-to-date: /home/snow/Desktop/enemy_estimator_ws/install/task_interfaces/share/ament_index/resource_index/parent_prefix_path/task_interfaces
[0.318s] -- Up-to-date: /home/snow/Desktop/enemy_estimator_ws/install/task_interfaces/share/task_interfaces/environment/ament_prefix_path.sh
[0.318s] -- Up-to-date: /home/snow/Desktop/enemy_estimator_ws/install/task_interfaces/share/task_interfaces/environment/ament_prefix_path.dsv
[0.319s] -- Up-to-date: /home/snow/Desktop/enemy_estimator_ws/install/task_interfaces/share/task_interfaces/environment/path.sh
[0.319s] -- Up-to-date: /home/snow/Desktop/enemy_estimator_ws/install/task_interfaces/share/task_interfaces/environment/path.dsv
[0.319s] -- Up-to-date: /home/snow/Desktop/enemy_estimator_ws/install/task_interfaces/share/task_interfaces/local_setup.bash
[0.319s] -- Up-to-date: /home/snow/Desktop/enemy_estimator_ws/install/task_interfaces/share/task_interfaces/local_setup.sh
[0.319s] -- Up-to-date: /home/snow/Desktop/enemy_estimator_ws/install/task_interfaces/share/task_interfaces/local_setup.zsh
[0.319s] -- Up-to-date: /home/snow/Desktop/enemy_estimator_ws/install/task_interfaces/share/task_interfaces/local_setup.dsv
[0.319s] -- Installing: /home/snow/Desktop/enemy_estimator_ws/install/task_interfaces/share/task_interfaces/package.dsv
[0.319s] -- Up-to-date: /home/snow/Desktop/enemy_estimator_ws/install/task_interfaces/share/ament_index/resource_index/packages/task_interfaces
[0.319s] -- Up-to-date: /home/snow/Desktop/enemy_estimator_ws/install/task_interfaces/share/task_interfaces/cmake/export_task_interfaces__rosidl_generator_cExport.cmake
[0.319s] -- Up-to-date: /home/snow/Desktop/enemy_estimator_ws/install/task_interfaces/share/task_interfaces/cmake/export_task_interfaces__rosidl_generator_cExport-noconfig.cmake
[0.319s] -- Up-to-date: /home/snow/Desktop/enemy_estimator_ws/install/task_interfaces/share/task_interfaces/cmake/export_task_interfaces__rosidl_typesupport_fastrtps_cExport.cmake
[0.320s] -- Up-to-date: /home/snow/Desktop/enemy_estimator_ws/install/task_interfaces/share/task_interfaces/cmake/export_task_interfaces__rosidl_typesupport_fastrtps_cExport-noconfig.cmake
[0.320s] -- Up-to-date: /home/snow/Desktop/enemy_estimator_ws/install/task_interfaces/share/task_interfaces/cmake/task_interfaces__rosidl_typesupport_introspection_cExport.cmake
[0.320s] -- Up-to-date: /home/snow/Desktop/enemy_estimator_ws/install/task_interfaces/share/task_interfaces/cmake/task_interfaces__rosidl_typesupport_introspection_cExport-noconfig.cmake
[0.320s] -- Up-to-date: /home/snow/Desktop/enemy_estimator_ws/install/task_interfaces/share/task_interfaces/cmake/task_interfaces__rosidl_typesupport_cExport.cmake
[0.320s] -- Up-to-date: /home/snow/Desktop/enemy_estimator_ws/install/task_interfaces/share/task_interfaces/cmake/task_interfaces__rosidl_typesupport_cExport-noconfig.cmake
[0.321s] -- Up-to-date: /home/snow/Desktop/enemy_estimator_ws/install/task_interfaces/share/task_interfaces/cmake/export_task_interfaces__rosidl_generator_cppExport.cmake
[0.321s] -- Up-to-date: /home/snow/Desktop/enemy_estimator_ws/install/task_interfaces/share/task_interfaces/cmake/export_task_interfaces__rosidl_typesupport_fastrtps_cppExport.cmake
[0.321s] -- Up-to-date: /home/snow/Desktop/enemy_estimator_ws/install/task_interfaces/share/task_interfaces/cmake/export_task_interfaces__rosidl_typesupport_fastrtps_cppExport-noconfig.cmake
[0.321s] -- Up-to-date: /home/snow/Desktop/enemy_estimator_ws/install/task_interfaces/share/task_interfaces/cmake/task_interfaces__rosidl_typesupport_introspection_cppExport.cmake
[0.321s] -- Up-to-date: /home/snow/Desktop/enemy_estimator_ws/install/task_interfaces/share/task_interfaces/cmake/task_interfaces__rosidl_typesupport_introspection_cppExport-noconfig.cmake
[0.322s] -- Up-to-date: /home/snow/Desktop/enemy_estimator_ws/install/task_interfaces/share/task_interfaces/cmake/task_interfaces__rosidl_typesupport_cppExport.cmake
[0.322s] -- Up-to-date: /home/snow/Desktop/enemy_estimator_ws/install/task_interfaces/share/task_interfaces/cmake/task_interfaces__rosidl_typesupport_cppExport-noconfig.cmake
[0.322s] -- Up-to-date: /home/snow/Desktop/enemy_estimator_ws/install/task_interfaces/share/task_interfaces/cmake/export_task_interfaces__rosidl_generator_pyExport.cmake
[0.322s] -- Up-to-date: /home/snow/Desktop/enemy_estimator_ws/install/task_interfaces/share/task_interfaces/cmake/export_task_interfaces__rosidl_generator_pyExport-noconfig.cmake
[0.322s] -- Up-to-date: /home/snow/Desktop/enemy_estimator_ws/install/task_interfaces/share/task_interfaces/cmake/rosidl_cmake-extras.cmake
[0.322s] -- Up-to-date: /home/snow/Desktop/enemy_estimator_ws/install/task_interfaces/share/task_interfaces/cmake/ament_cmake_export_dependencies-extras.cmake
[0.323s] -- Up-to-date: /home/snow/Desktop/enemy_estimator_ws/install/task_interfaces/share/task_interfaces/cmake/ament_cmake_export_include_directories-extras.cmake
[0.323s] -- Up-to-date: /home/snow/Desktop/enemy_estimator_ws/install/task_interfaces/share/task_interfaces/cmake/ament_cmake_export_libraries-extras.cmake
[0.323s] -- Up-to-date: /home/snow/Desktop/enemy_estimator_ws/install/task_interfaces/share/task_interfaces/cmake/ament_cmake_export_targets-extras.cmake
[0.323s] -- Up-to-date: /home/snow/Desktop/enemy_estimator_ws/install/task_interfaces/share/task_interfaces/cmake/rosidl_cmake_export_typesupport_targets-extras.cmake
[0.323s] -- Up-to-date: /home/snow/Desktop/enemy_estimator_ws/install/task_interfaces/share/task_interfaces/cmake/rosidl_cmake_export_typesupport_libraries-extras.cmake
[0.323s] -- Up-to-date: /home/snow/Desktop/enemy_estimator_ws/install/task_interfaces/share/task_interfaces/cmake/task_interfacesConfig.cmake
[0.324s] -- Up-to-date: /home/snow/Desktop/enemy_estimator_ws/install/task_interfaces/share/task_interfaces/cmake/task_interfacesConfig-version.cmake
[0.324s] -- Up-to-date: /home/snow/Desktop/enemy_estimator_ws/install/task_interfaces/share/task_interfaces/package.xml
[0.324s] Invoked command in '/home/snow/Desktop/enemy_estimator_ws/build/task_interfaces' returned '0': CMAKE_PREFIX_PATH=/opt/ros/humble /usr/bin/cmake --install /home/snow/Desktop/enemy_estimator_ws/build/task_interfaces
