[0.030s] Invoking command in '/home/snow/Desktop/enemy_estimator_ws/build/enemy_estimator_task': AMENT_PREFIX_PATH=/home/snow/Desktop/enemy_estimator_ws/install/task_interfaces:${AMENT_PREFIX_PATH} CMAKE_PREFIX_PATH=/home/snow/Desktop/enemy_estimator_ws/install/task_interfaces:/opt/ros/humble LD_LIBRARY_PATH=/home/snow/Desktop/enemy_estimator_ws/install/task_interfaces/lib:${LD_LIBRARY_PATH} PYTHONPATH=/home/snow/Desktop/enemy_estimator_ws/install/task_interfaces/local/lib/python3.10/dist-packages:${PYTHONPATH} /usr/bin/cmake /home/snow/Desktop/enemy_estimator_ws/src/enemy_estimator_task -DCMAKE_INSTALL_PREFIX=/home/snow/Desktop/enemy_estimator_ws/install/enemy_estimator_task
[0.116s] -- The C compiler identification is GNU 11.4.0
[0.185s] -- The CXX compiler identification is GNU 11.4.0
[0.192s] -- Detecting C compiler ABI info
[0.246s] -- Detecting C compiler ABI info - done
[0.250s] -- Check for working C compiler: /usr/bin/cc - skipped
[0.251s] -- Detecting C compile features
[0.252s] -- Detecting C compile features - done
[0.254s] -- Detecting CXX compiler ABI info
[0.320s] -- Detecting CXX compiler ABI info - done
[0.325s] -- Check for working CXX compiler: /usr/bin/c++ - skipped
[0.325s] -- Detecting CXX compile features
[0.326s] -- Detecting CXX compile features - done
[0.333s] -- Found ament_cmake_auto: 1.3.6 (/opt/ros/humble/share/ament_cmake_auto/cmake)
[0.475s] -- Found Python3: /usr/bin/python3.10 (found version "3.10.12") found components: Interpreter 
[0.541s] -- Found task_interfaces: 0.0.0 (/home/snow/Desktop/enemy_estimator_ws/install/task_interfaces/share/task_interfaces/cmake)
[0.570s] -- Found rosidl_generator_c: 3.1.5 (/opt/ros/humble/share/rosidl_generator_c/cmake)
[0.573s] -- Found rosidl_adapter: 3.1.5 (/opt/ros/humble/share/rosidl_adapter/cmake)
[0.580s] -- Found rosidl_generator_cpp: 3.1.5 (/opt/ros/humble/share/rosidl_generator_cpp/cmake)
[0.591s] -- Using all available rosidl_typesupport_c: rosidl_typesupport_fastrtps_c;rosidl_typesupport_introspection_c
[0.606s] -- Using all available rosidl_typesupport_cpp: rosidl_typesupport_fastrtps_cpp;rosidl_typesupport_introspection_cpp
[0.774s] -- Found rmw_implementation_cmake: 6.1.1 (/opt/ros/humble/share/rmw_implementation_cmake/cmake)
[0.776s] -- Found rmw_fastrtps_cpp: 6.2.5 (/opt/ros/humble/share/rmw_fastrtps_cpp/cmake)
[0.852s] -- Found OpenSSL: /usr/lib/x86_64-linux-gnu/libcrypto.so (found version "3.0.2")  
[0.873s] -- Found FastRTPS: /opt/ros/humble/include  
[0.901s] -- Using RMW implementation 'rmw_fastrtps_cpp' as default
[0.909s] -- Looking for pthread.h
[0.971s] -- Looking for pthread.h - found
[0.971s] -- Performing Test CMAKE_HAVE_LIBC_PTHREAD
[1.031s] -- Performing Test CMAKE_HAVE_LIBC_PTHREAD - Success
[1.032s] -- Found Threads: TRUE  
[1.136s] -- Found ament_lint_auto: 0.12.9 (/opt/ros/humble/share/ament_lint_auto/cmake)
[1.146s] -- Configuring incomplete, errors occurred!
[1.146s] See also "/home/snow/Desktop/enemy_estimator_ws/build/enemy_estimator_task/CMakeFiles/CMakeOutput.log".
[1.146s] [31mCMake Error at CMakeLists.txt:38 (add_executable):
[1.146s]   add_executable cannot create target "enemy_estimator_task" because another
[1.146s]   target with the same name already exists.  The existing target is a shared
[1.146s]   library created in source directory
[1.146s]   "/home/snow/Desktop/enemy_estimator_ws/src/enemy_estimator_task".  See
[1.146s]   documentation for policy CMP0002 for more details.
[1.146s] 
[1.146s] [0m
[1.147s] [31mCMake Error at CMakeLists.txt:39 (ament_target_dependencied):
[1.147s]   Unknown CMake command "ament_target_dependencied".
[1.147s] 
[1.147s] [0m
[1.153s] Invoked command in '/home/snow/Desktop/enemy_estimator_ws/build/enemy_estimator_task' returned '1': AMENT_PREFIX_PATH=/home/snow/Desktop/enemy_estimator_ws/install/task_interfaces:${AMENT_PREFIX_PATH} CMAKE_PREFIX_PATH=/home/snow/Desktop/enemy_estimator_ws/install/task_interfaces:/opt/ros/humble LD_LIBRARY_PATH=/home/snow/Desktop/enemy_estimator_ws/install/task_interfaces/lib:${LD_LIBRARY_PATH} PYTHONPATH=/home/snow/Desktop/enemy_estimator_ws/install/task_interfaces/local/lib/python3.10/dist-packages:${PYTHONPATH} /usr/bin/cmake /home/snow/Desktop/enemy_estimator_ws/src/enemy_estimator_task -DCMAKE_INSTALL_PREFIX=/home/snow/Desktop/enemy_estimator_ws/install/enemy_estimator_task
