[0.461s] DEBUG:colcon:Command line arguments: ['/usr/bin/colcon', 'build', '--packages-select', 'task_interfaces']
[0.461s] DEBUG:colcon:Parsed command line arguments: Namespace(log_base=None, log_level=None, verb_name='build', build_base='build', install_base='install', merge_install=False, symlink_install=False, test_result_base=None, continue_on_error=False, executor='parallel', parallel_workers=20, event_handlers=None, ignore_user_meta=False, metas=['./colcon.meta'], base_paths=['.'], packages_ignore=None, packages_ignore_regex=None, paths=None, packages_up_to=None, packages_up_to_regex=None, packages_above=None, packages_above_and_dependencies=None, packages_above_depth=None, packages_select_by_dep=None, packages_skip_by_dep=None, packages_skip_up_to=None, packages_select_build_failed=False, packages_skip_build_finished=False, packages_select_test_failures=False, packages_skip_test_passed=False, packages_select=['task_interfaces'], packages_skip=None, packages_select_regex=None, packages_skip_regex=None, packages_start=None, packages_end=None, allow_overriding=[], cmake_args=None, cmake_target=None, cmake_target_skip_unavailable=False, cmake_clean_cache=False, cmake_clean_first=False, cmake_force_configure=False, ament_cmake_args=None, catkin_cmake_args=None, catkin_skip_building_tests=False, verb_parser=<colcon_defaults.argument_parser.defaults.DefaultArgumentsDecorator object at 0x7fe6d5c5ae30>, verb_extension=<colcon_core.verb.build.BuildVerb object at 0x7fe6d60bada0>, main=<bound method BuildVerb.main of <colcon_core.verb.build.BuildVerb object at 0x7fe6d60bada0>>)
[0.484s] Level 1:colcon.colcon_core.package_discovery:discover_packages(colcon_meta) check parameters
[0.484s] Level 1:colcon.colcon_core.package_discovery:discover_packages(recursive) check parameters
[0.484s] Level 1:colcon.colcon_core.package_discovery:discover_packages(ignore) check parameters
[0.484s] Level 1:colcon.colcon_core.package_discovery:discover_packages(path) check parameters
[0.484s] Level 1:colcon.colcon_core.package_discovery:discover_packages(colcon_meta) discover
[0.484s] Level 1:colcon.colcon_core.package_discovery:discover_packages(recursive) discover
[0.485s] INFO:colcon.colcon_core.package_discovery:Crawling recursively for packages in '/home/snow/Desktop/enemy_estimator_ws'
[0.485s] Level 1:colcon.colcon_core.package_identification:_identify(.) by extensions ['ignore', 'ignore_ament_install']
[0.485s] Level 1:colcon.colcon_core.package_identification:_identify(.) by extension 'ignore'
[0.485s] Level 1:colcon.colcon_core.package_identification:_identify(.) by extension 'ignore_ament_install'
[0.485s] Level 1:colcon.colcon_core.package_identification:_identify(.) by extensions ['colcon_pkg']
[0.485s] Level 1:colcon.colcon_core.package_identification:_identify(.) by extension 'colcon_pkg'
[0.485s] Level 1:colcon.colcon_core.package_identification:_identify(.) by extensions ['colcon_meta']
[0.485s] Level 1:colcon.colcon_core.package_identification:_identify(.) by extension 'colcon_meta'
[0.485s] Level 1:colcon.colcon_core.package_identification:_identify(.) by extensions ['ros']
[0.485s] Level 1:colcon.colcon_core.package_identification:_identify(.) by extension 'ros'
[0.492s] Level 1:colcon.colcon_core.package_identification:_identify(.) by extensions ['cmake', 'python']
[0.492s] Level 1:colcon.colcon_core.package_identification:_identify(.) by extension 'cmake'
[0.492s] Level 1:colcon.colcon_core.package_identification:_identify(.) by extension 'python'
[0.492s] Level 1:colcon.colcon_core.package_identification:_identify(.) by extensions ['python_setup_py']
[0.492s] Level 1:colcon.colcon_core.package_identification:_identify(.) by extension 'python_setup_py'
[0.492s] Level 1:colcon.colcon_core.package_identification:_identify(build) by extensions ['ignore', 'ignore_ament_install']
[0.492s] Level 1:colcon.colcon_core.package_identification:_identify(build) by extension 'ignore'
[0.492s] Level 1:colcon.colcon_core.package_identification:_identify(build) ignored
[0.492s] Level 1:colcon.colcon_core.package_identification:_identify(install) by extensions ['ignore', 'ignore_ament_install']
[0.492s] Level 1:colcon.colcon_core.package_identification:_identify(install) by extension 'ignore'
[0.492s] Level 1:colcon.colcon_core.package_identification:_identify(install) ignored
[0.493s] Level 1:colcon.colcon_core.package_identification:_identify(log) by extensions ['ignore', 'ignore_ament_install']
[0.493s] Level 1:colcon.colcon_core.package_identification:_identify(log) by extension 'ignore'
[0.493s] Level 1:colcon.colcon_core.package_identification:_identify(log) ignored
[0.493s] Level 1:colcon.colcon_core.package_identification:_identify(src) by extensions ['ignore', 'ignore_ament_install']
[0.493s] Level 1:colcon.colcon_core.package_identification:_identify(src) by extension 'ignore'
[0.493s] Level 1:colcon.colcon_core.package_identification:_identify(src) by extension 'ignore_ament_install'
[0.493s] Level 1:colcon.colcon_core.package_identification:_identify(src) by extensions ['colcon_pkg']
[0.493s] Level 1:colcon.colcon_core.package_identification:_identify(src) by extension 'colcon_pkg'
[0.493s] Level 1:colcon.colcon_core.package_identification:_identify(src) by extensions ['colcon_meta']
[0.493s] Level 1:colcon.colcon_core.package_identification:_identify(src) by extension 'colcon_meta'
[0.493s] Level 1:colcon.colcon_core.package_identification:_identify(src) by extensions ['ros']
[0.493s] Level 1:colcon.colcon_core.package_identification:_identify(src) by extension 'ros'
[0.493s] Level 1:colcon.colcon_core.package_identification:_identify(src) by extensions ['cmake', 'python']
[0.493s] Level 1:colcon.colcon_core.package_identification:_identify(src) by extension 'cmake'
[0.493s] Level 1:colcon.colcon_core.package_identification:_identify(src) by extension 'python'
[0.493s] Level 1:colcon.colcon_core.package_identification:_identify(src) by extensions ['python_setup_py']
[0.493s] Level 1:colcon.colcon_core.package_identification:_identify(src) by extension 'python_setup_py'
[0.493s] Level 1:colcon.colcon_core.package_identification:_identify(src/enemy_estimator_task) by extensions ['ignore', 'ignore_ament_install']
[0.493s] Level 1:colcon.colcon_core.package_identification:_identify(src/enemy_estimator_task) by extension 'ignore'
[0.493s] Level 1:colcon.colcon_core.package_identification:_identify(src/enemy_estimator_task) by extension 'ignore_ament_install'
[0.493s] Level 1:colcon.colcon_core.package_identification:_identify(src/enemy_estimator_task) by extensions ['colcon_pkg']
[0.493s] Level 1:colcon.colcon_core.package_identification:_identify(src/enemy_estimator_task) by extension 'colcon_pkg'
[0.493s] Level 1:colcon.colcon_core.package_identification:_identify(src/enemy_estimator_task) by extensions ['colcon_meta']
[0.493s] Level 1:colcon.colcon_core.package_identification:_identify(src/enemy_estimator_task) by extension 'colcon_meta'
[0.493s] Level 1:colcon.colcon_core.package_identification:_identify(src/enemy_estimator_task) by extensions ['ros']
[0.493s] Level 1:colcon.colcon_core.package_identification:_identify(src/enemy_estimator_task) by extension 'ros'
[0.495s] DEBUG:colcon.colcon_core.package_identification:Package 'src/enemy_estimator_task' with type 'ros.ament_cmake' and name 'enemy_estimator_task'
[0.495s] Level 1:colcon.colcon_core.package_identification:_identify(src/task_interfaces) by extensions ['ignore', 'ignore_ament_install']
[0.495s] Level 1:colcon.colcon_core.package_identification:_identify(src/task_interfaces) by extension 'ignore'
[0.495s] Level 1:colcon.colcon_core.package_identification:_identify(src/task_interfaces) by extension 'ignore_ament_install'
[0.495s] Level 1:colcon.colcon_core.package_identification:_identify(src/task_interfaces) by extensions ['colcon_pkg']
[0.495s] Level 1:colcon.colcon_core.package_identification:_identify(src/task_interfaces) by extension 'colcon_pkg'
[0.495s] Level 1:colcon.colcon_core.package_identification:_identify(src/task_interfaces) by extensions ['colcon_meta']
[0.495s] Level 1:colcon.colcon_core.package_identification:_identify(src/task_interfaces) by extension 'colcon_meta'
[0.495s] Level 1:colcon.colcon_core.package_identification:_identify(src/task_interfaces) by extensions ['ros']
[0.495s] Level 1:colcon.colcon_core.package_identification:_identify(src/task_interfaces) by extension 'ros'
[0.495s] DEBUG:colcon.colcon_core.package_identification:Package 'src/task_interfaces' with type 'ros.ament_cmake' and name 'task_interfaces'
[0.495s] Level 1:colcon.colcon_core.package_discovery:discover_packages(recursive) using defaults
[0.496s] Level 1:colcon.colcon_core.package_discovery:discover_packages(ignore) discover
[0.496s] Level 1:colcon.colcon_core.package_discovery:discover_packages(ignore) using defaults
[0.496s] Level 1:colcon.colcon_core.package_discovery:discover_packages(path) discover
[0.496s] Level 1:colcon.colcon_core.package_discovery:discover_packages(path) using defaults
[0.527s] INFO:colcon.colcon_core.package_selection:Skipping not selected package 'enemy_estimator_task' in 'src/enemy_estimator_task'
[0.539s] Level 1:colcon.colcon_core.package_discovery:discover_packages(prefix_path) check parameters
[0.539s] Level 1:colcon.colcon_core.package_discovery:discover_packages(prefix_path) discover
[0.553s] DEBUG:colcon.colcon_installed_package_information.package_discovery:Found 270 installed packages in /opt/ros/humble
[0.554s] Level 1:colcon.colcon_core.package_discovery:discover_packages(prefix_path) using defaults
[0.601s] Level 5:colcon.colcon_core.verb:set package 'task_interfaces' build argument 'cmake_args' from command line to 'None'
[0.601s] Level 5:colcon.colcon_core.verb:set package 'task_interfaces' build argument 'cmake_target' from command line to 'None'
[0.601s] Level 5:colcon.colcon_core.verb:set package 'task_interfaces' build argument 'cmake_target_skip_unavailable' from command line to 'False'
[0.601s] Level 5:colcon.colcon_core.verb:set package 'task_interfaces' build argument 'cmake_clean_cache' from command line to 'False'
[0.601s] Level 5:colcon.colcon_core.verb:set package 'task_interfaces' build argument 'cmake_clean_first' from command line to 'False'
[0.601s] Level 5:colcon.colcon_core.verb:set package 'task_interfaces' build argument 'cmake_force_configure' from command line to 'False'
[0.601s] Level 5:colcon.colcon_core.verb:set package 'task_interfaces' build argument 'ament_cmake_args' from command line to 'None'
[0.601s] Level 5:colcon.colcon_core.verb:set package 'task_interfaces' build argument 'catkin_cmake_args' from command line to 'None'
[0.601s] Level 5:colcon.colcon_core.verb:set package 'task_interfaces' build argument 'catkin_skip_building_tests' from command line to 'False'
[0.601s] DEBUG:colcon.colcon_core.verb:Building package 'task_interfaces' with the following arguments: {'ament_cmake_args': None, 'build_base': '/home/snow/Desktop/enemy_estimator_ws/build/task_interfaces', 'catkin_cmake_args': None, 'catkin_skip_building_tests': False, 'cmake_args': None, 'cmake_clean_cache': False, 'cmake_clean_first': False, 'cmake_force_configure': False, 'cmake_target': None, 'cmake_target_skip_unavailable': False, 'install_base': '/home/snow/Desktop/enemy_estimator_ws/install/task_interfaces', 'merge_install': False, 'path': '/home/snow/Desktop/enemy_estimator_ws/src/task_interfaces', 'symlink_install': False, 'test_result_base': None}
[0.607s] INFO:colcon.colcon_core.executor:Executing jobs using 'parallel' executor
[0.614s] DEBUG:colcon.colcon_parallel_executor.executor.parallel:run_until_complete
[0.614s] INFO:colcon.colcon_ros.task.ament_cmake.build:Building ROS package in '/home/snow/Desktop/enemy_estimator_ws/src/task_interfaces' with build type 'ament_cmake'
[0.614s] INFO:colcon.colcon_cmake.task.cmake.build:Building CMake package in '/home/snow/Desktop/enemy_estimator_ws/src/task_interfaces'
[0.622s] INFO:colcon.colcon_core.plugin_system:Skipping extension 'colcon_core.shell.bat': Not used on non-Windows systems
[0.622s] INFO:colcon.colcon_core.shell:Skip shell extension 'powershell' for command environment: Not usable outside of PowerShell
[0.622s] DEBUG:colcon.colcon_core.shell:Skip shell extension 'dsv' for command environment
[0.639s] DEBUG:colcon.colcon_core.event_handler.log_command:Invoking command in '/home/snow/Desktop/enemy_estimator_ws/build/task_interfaces': CMAKE_PREFIX_PATH=/opt/ros/humble /usr/bin/cmake /home/snow/Desktop/enemy_estimator_ws/src/task_interfaces -DCMAKE_INSTALL_PREFIX=/home/snow/Desktop/enemy_estimator_ws/install/task_interfaces
[1.771s] DEBUG:colcon.colcon_core.event_handler.log_command:Invoked command in '/home/snow/Desktop/enemy_estimator_ws/build/task_interfaces' returned '0': CMAKE_PREFIX_PATH=/opt/ros/humble /usr/bin/cmake /home/snow/Desktop/enemy_estimator_ws/src/task_interfaces -DCMAKE_INSTALL_PREFIX=/home/snow/Desktop/enemy_estimator_ws/install/task_interfaces
[1.772s] DEBUG:colcon.colcon_core.event_handler.log_command:Invoking command in '/home/snow/Desktop/enemy_estimator_ws/build/task_interfaces': CMAKE_PREFIX_PATH=/opt/ros/humble /usr/bin/cmake --build /home/snow/Desktop/enemy_estimator_ws/build/task_interfaces -- -j20 -l20
[3.108s] DEBUG:colcon.colcon_core.event_handler.log_command:Invoked command in '/home/snow/Desktop/enemy_estimator_ws/build/task_interfaces' returned '0': CMAKE_PREFIX_PATH=/opt/ros/humble /usr/bin/cmake --build /home/snow/Desktop/enemy_estimator_ws/build/task_interfaces -- -j20 -l20
[3.182s] DEBUG:colcon.colcon_core.event_handler.log_command:Invoking command in '/home/snow/Desktop/enemy_estimator_ws/build/task_interfaces': CMAKE_PREFIX_PATH=/opt/ros/humble /usr/bin/cmake --install /home/snow/Desktop/enemy_estimator_ws/build/task_interfaces
[3.231s] Level 1:colcon.colcon_core.environment:create_environment_scripts_only(task_interfaces)
[3.232s] DEBUG:colcon.colcon_core.event_handler.log_command:Invoked command in '/home/snow/Desktop/enemy_estimator_ws/build/task_interfaces' returned '0': CMAKE_PREFIX_PATH=/opt/ros/humble /usr/bin/cmake --install /home/snow/Desktop/enemy_estimator_ws/build/task_interfaces
[3.241s] Level 1:colcon.colcon_core.environment:checking '/home/snow/Desktop/enemy_estimator_ws/install/task_interfaces' for CMake module files
[3.241s] Level 1:colcon.colcon_core.environment:checking '/home/snow/Desktop/enemy_estimator_ws/install/task_interfaces' for CMake config files
[3.241s] Level 1:colcon.colcon_core.shell:create_environment_hook('task_interfaces', 'cmake_prefix_path')
[3.248s] INFO:colcon.colcon_core.shell:Creating environment hook '/home/snow/Desktop/enemy_estimator_ws/install/task_interfaces/share/task_interfaces/hook/cmake_prefix_path.ps1'
[3.249s] INFO:colcon.colcon_core.shell:Creating environment descriptor '/home/snow/Desktop/enemy_estimator_ws/install/task_interfaces/share/task_interfaces/hook/cmake_prefix_path.dsv'
[3.249s] INFO:colcon.colcon_core.shell:Creating environment hook '/home/snow/Desktop/enemy_estimator_ws/install/task_interfaces/share/task_interfaces/hook/cmake_prefix_path.sh'
[3.249s] Level 1:colcon.colcon_core.environment:checking '/home/snow/Desktop/enemy_estimator_ws/install/task_interfaces/lib'
[3.249s] Level 1:colcon.colcon_core.shell:create_environment_hook('task_interfaces', 'ld_library_path_lib')
[3.256s] INFO:colcon.colcon_core.shell:Creating environment hook '/home/snow/Desktop/enemy_estimator_ws/install/task_interfaces/share/task_interfaces/hook/ld_library_path_lib.ps1'
[3.257s] INFO:colcon.colcon_core.shell:Creating environment descriptor '/home/snow/Desktop/enemy_estimator_ws/install/task_interfaces/share/task_interfaces/hook/ld_library_path_lib.dsv'
[3.257s] INFO:colcon.colcon_core.shell:Creating environment hook '/home/snow/Desktop/enemy_estimator_ws/install/task_interfaces/share/task_interfaces/hook/ld_library_path_lib.sh'
[3.257s] Level 1:colcon.colcon_core.environment:checking '/home/snow/Desktop/enemy_estimator_ws/install/task_interfaces/bin'
[3.257s] Level 1:colcon.colcon_core.environment:checking '/home/snow/Desktop/enemy_estimator_ws/install/task_interfaces/lib/pkgconfig/task_interfaces.pc'
[3.257s] Level 1:colcon.colcon_core.environment:checking '/home/snow/Desktop/enemy_estimator_ws/install/task_interfaces/lib/python3.10/site-packages'
[3.257s] Level 1:colcon.colcon_core.environment:checking '/home/snow/Desktop/enemy_estimator_ws/install/task_interfaces/bin'
[3.264s] INFO:colcon.colcon_core.shell:Creating package script '/home/snow/Desktop/enemy_estimator_ws/install/task_interfaces/share/task_interfaces/package.ps1'
[3.264s] INFO:colcon.colcon_core.shell:Creating package descriptor '/home/snow/Desktop/enemy_estimator_ws/install/task_interfaces/share/task_interfaces/package.dsv'
[3.265s] INFO:colcon.colcon_core.shell:Creating package script '/home/snow/Desktop/enemy_estimator_ws/install/task_interfaces/share/task_interfaces/package.sh'
[3.265s] INFO:colcon.colcon_core.shell:Creating package script '/home/snow/Desktop/enemy_estimator_ws/install/task_interfaces/share/task_interfaces/package.bash'
[3.265s] INFO:colcon.colcon_core.shell:Creating package script '/home/snow/Desktop/enemy_estimator_ws/install/task_interfaces/share/task_interfaces/package.zsh'
[3.266s] Level 1:colcon.colcon_core.environment:create_file_with_runtime_dependencies(/home/snow/Desktop/enemy_estimator_ws/install/task_interfaces/share/colcon-core/packages/task_interfaces)
[3.322s] Level 1:colcon.colcon_core.environment:create_environment_scripts_only(task_interfaces)
[3.328s] Level 1:colcon.colcon_core.environment:checking '/home/snow/Desktop/enemy_estimator_ws/install/task_interfaces' for CMake module files
[3.328s] Level 1:colcon.colcon_core.environment:checking '/home/snow/Desktop/enemy_estimator_ws/install/task_interfaces' for CMake config files
[3.328s] Level 1:colcon.colcon_core.shell:create_environment_hook('task_interfaces', 'cmake_prefix_path')
[3.335s] INFO:colcon.colcon_core.shell:Creating environment hook '/home/snow/Desktop/enemy_estimator_ws/install/task_interfaces/share/task_interfaces/hook/cmake_prefix_path.ps1'
[3.335s] INFO:colcon.colcon_core.shell:Creating environment descriptor '/home/snow/Desktop/enemy_estimator_ws/install/task_interfaces/share/task_interfaces/hook/cmake_prefix_path.dsv'
[3.335s] INFO:colcon.colcon_core.shell:Creating environment hook '/home/snow/Desktop/enemy_estimator_ws/install/task_interfaces/share/task_interfaces/hook/cmake_prefix_path.sh'
[3.335s] Level 1:colcon.colcon_core.environment:checking '/home/snow/Desktop/enemy_estimator_ws/install/task_interfaces/lib'
[3.336s] Level 1:colcon.colcon_core.shell:create_environment_hook('task_interfaces', 'ld_library_path_lib')
[3.342s] INFO:colcon.colcon_core.shell:Creating environment hook '/home/snow/Desktop/enemy_estimator_ws/install/task_interfaces/share/task_interfaces/hook/ld_library_path_lib.ps1'
[3.342s] INFO:colcon.colcon_core.shell:Creating environment descriptor '/home/snow/Desktop/enemy_estimator_ws/install/task_interfaces/share/task_interfaces/hook/ld_library_path_lib.dsv'
[3.342s] INFO:colcon.colcon_core.shell:Creating environment hook '/home/snow/Desktop/enemy_estimator_ws/install/task_interfaces/share/task_interfaces/hook/ld_library_path_lib.sh'
[3.342s] Level 1:colcon.colcon_core.environment:checking '/home/snow/Desktop/enemy_estimator_ws/install/task_interfaces/bin'
[3.342s] Level 1:colcon.colcon_core.environment:checking '/home/snow/Desktop/enemy_estimator_ws/install/task_interfaces/lib/pkgconfig/task_interfaces.pc'
[3.343s] Level 1:colcon.colcon_core.environment:checking '/home/snow/Desktop/enemy_estimator_ws/install/task_interfaces/lib/python3.10/site-packages'
[3.343s] Level 1:colcon.colcon_core.environment:checking '/home/snow/Desktop/enemy_estimator_ws/install/task_interfaces/bin'
[3.349s] INFO:colcon.colcon_core.shell:Creating package script '/home/snow/Desktop/enemy_estimator_ws/install/task_interfaces/share/task_interfaces/package.ps1'
[3.349s] INFO:colcon.colcon_core.shell:Creating package descriptor '/home/snow/Desktop/enemy_estimator_ws/install/task_interfaces/share/task_interfaces/package.dsv'
[3.350s] INFO:colcon.colcon_core.shell:Creating package script '/home/snow/Desktop/enemy_estimator_ws/install/task_interfaces/share/task_interfaces/package.sh'
[3.350s] INFO:colcon.colcon_core.shell:Creating package script '/home/snow/Desktop/enemy_estimator_ws/install/task_interfaces/share/task_interfaces/package.bash'
[3.350s] INFO:colcon.colcon_core.shell:Creating package script '/home/snow/Desktop/enemy_estimator_ws/install/task_interfaces/share/task_interfaces/package.zsh'
[3.350s] Level 1:colcon.colcon_core.environment:create_file_with_runtime_dependencies(/home/snow/Desktop/enemy_estimator_ws/install/task_interfaces/share/colcon-core/packages/task_interfaces)
[3.350s] DEBUG:colcon.colcon_parallel_executor.executor.parallel:closing loop
[3.351s] DEBUG:colcon.colcon_parallel_executor.executor.parallel:loop closed
[3.351s] DEBUG:colcon.colcon_parallel_executor.executor.parallel:run_until_complete finished with '0'
[3.351s] DEBUG:colcon.colcon_core.event_reactor:joining thread
[3.360s] INFO:colcon.colcon_core.plugin_system:Skipping extension 'colcon_notification.desktop_notification.terminal_notifier': Not used on non-Darwin systems
[3.361s] INFO:colcon.colcon_core.plugin_system:Skipping extension 'colcon_notification.desktop_notification.win32': Not used on non-Windows systems
[3.361s] INFO:colcon.colcon_notification.desktop_notification:Sending desktop notification using 'notify2'
[3.371s] DEBUG:colcon.colcon_core.event_reactor:joined thread
[3.381s] INFO:colcon.colcon_core.shell:Creating prefix script '/home/snow/Desktop/enemy_estimator_ws/install/local_setup.ps1'
[3.382s] INFO:colcon.colcon_core.shell:Creating prefix util module '/home/snow/Desktop/enemy_estimator_ws/install/_local_setup_util_ps1.py'
[3.382s] INFO:colcon.colcon_core.shell:Creating prefix chain script '/home/snow/Desktop/enemy_estimator_ws/install/setup.ps1'
[3.390s] INFO:colcon.colcon_core.shell:Creating prefix script '/home/snow/Desktop/enemy_estimator_ws/install/local_setup.sh'
[3.390s] INFO:colcon.colcon_core.shell:Creating prefix util module '/home/snow/Desktop/enemy_estimator_ws/install/_local_setup_util_sh.py'
[3.390s] INFO:colcon.colcon_core.shell:Creating prefix chain script '/home/snow/Desktop/enemy_estimator_ws/install/setup.sh'
[3.398s] INFO:colcon.colcon_core.shell:Creating prefix script '/home/snow/Desktop/enemy_estimator_ws/install/local_setup.bash'
[3.398s] INFO:colcon.colcon_core.shell:Creating prefix chain script '/home/snow/Desktop/enemy_estimator_ws/install/setup.bash'
[3.405s] INFO:colcon.colcon_core.shell:Creating prefix script '/home/snow/Desktop/enemy_estimator_ws/install/local_setup.zsh'
[3.405s] INFO:colcon.colcon_core.shell:Creating prefix chain script '/home/snow/Desktop/enemy_estimator_ws/install/setup.zsh'
